[    0.000000] Initializing cgroup subsys cpuset
[    0.000000] Initializing cgroup subsys cpu
[    0.000000] Initializing cgroup subsys cpuacct
[    0.000000] Linux version 4.4.0-97-generic (buildd@lcy01-33) (gcc version 5.4.0 20160609 (Ubuntu 5.4.0-6ubuntu1~16.04.4) ) #120-Ubuntu SMP Tue Sep 19 17:28:18 UTC 2017 (Ubuntu 4.4.0-97.120-generic 4.4.87)
[    0.000000] Command line: BOOT_IMAGE=/boot/vmlinuz-4.4.0-97-generic root=LABEL=cloudimg-rootfs ro console=tty1 console=ttyS0
[    0.000000] KERNEL supported cpus:
[    0.000000]   Intel GenuineIntel
[    0.000000]   AMD AuthenticAMD
[    0.000000]   Centaur CentaurHauls
[    0.000000] x86/fpu: xstate_offset[2]:  576, xstate_sizes[2]:  256
[    0.000000] x86/fpu: Supporting XSAVE feature 0x01: 'x87 floating point registers'
[    0.000000] x86/fpu: Supporting XSAVE feature 0x02: 'SSE registers'
[    0.000000] x86/fpu: Supporting XSAVE feature 0x04: 'AVX registers'
[    0.000000] x86/fpu: Enabled xstate features 0x7, context size is 832 bytes, using 'standard' format.
[    0.000000] x86/fpu: Using 'lazy' FPU context switches.
[    0.000000] e820: BIOS-provided physical RAM map:
[    0.000000] BIOS-e820: [mem 0x0000000000000000-0x000000000009fbff] usable
[    0.000000] BIOS-e820: [mem 0x000000000009fc00-0x000000000009ffff] reserved
[    0.000000] BIOS-e820: [mem 0x00000000000f0000-0x00000000000fffff] reserved
[    0.000000] BIOS-e820: [mem 0x0000000000100000-0x000000001ffeffff] usable
[    0.000000] BIOS-e820: [mem 0x000000001fff0000-0x000000001fffffff] ACPI data
[    0.000000] BIOS-e820: [mem 0x00000000fffc0000-0x00000000ffffffff] reserved
[    0.000000] NX (Execute Disable) protection: active
[    0.000000] SMBIOS 2.5 present.
[    0.000000] Hypervisor detected: KVM
[    0.000000] e820: last_pfn = 0x1fff0 max_arch_pfn = 0x400000000
[    0.000000] MTRR: Disabled
[    0.000000] x86/PAT: MTRRs disabled, skipping PAT initialization too.
[    0.000000] CPU MTRRs all blank - virtualized system.
[    0.000000] x86/PAT: Configuration [0-7]: WB  WT  UC- UC  WB  WT  UC- UC  
[    0.000000] found SMP MP-table at [mem 0x0009fff0-0x0009ffff] mapped at [ffff88000009fff0]
[    0.000000] Scanning 1 areas for low memory corruption
[    0.000000] RAMDISK: [mem 0x1ed71000-0x1f7fafff]
[    0.000000] ACPI: Early table checksum verification disabled
[    0.000000] ACPI: RSDP 0x00000000000E0000 000024 (v02 VBOX  )
[    0.000000] ACPI: XSDT 0x000000001FFF0030 00003C (v01 VBOX   VBOXXSDT 00000001 ASL  00000061)
[    0.000000] ACPI: FACP 0x000000001FFF00F0 0000F4 (v04 VBOX   VBOXFACP 00000001 ASL  00000061)
[    0.000000] ACPI: DSDT 0x000000001FFF0470 002118 (v01 VBOX   VBOXBIOS 00000002 INTL 20160108)
[    0.000000] ACPI: FACS 0x000000001FFF0200 000040
[    0.000000] ACPI: FACS 0x000000001FFF0200 000040
[    0.000000] ACPI: APIC 0x000000001FFF0240 00005C (v02 VBOX   VBOXAPIC 00000001 ASL  00000061)
[    0.000000] ACPI: SSDT 0x000000001FFF02A0 0001CC (v01 VBOX   VBOXCP 000002 IL 160108)
  0.0000 NNUMA cfiurtion found
[    0.00000]Fang a node at[mm x00000000000000-0x00000001ffeffff][   0.00000] DEDATA(0)alcaed [memx1eb00-0ffffff]
   0000000] kvm-clock: Using msrs 4b564d01 and 4b564d00
[    0.000000] kvm-clock: cpu 0, msr 0:1ffe3001, primary cpu clock
[    0.000000] kvm-clock: using sched offset of 3389049845 cycles
[    0.000000] clocksource: kvm-clock: mask: 0xffffffffffffffff max_cycles: 0x1cd42e4dffb, max_idle_ns: 881590591483 ns
[    0.000000] Zone ranges:
[    0.000000]   DMA      [mem 0x0000000000001000-0x0000000000ffffff]
[    0.000000]   DMA32    [mem 0x0000000001000000-0x000000001ffeffff]
[    0.000000]   Normal   empty
[    0.000000]   Device   empty
[    0.000000] Movable zone start for each node
[    0.000000] Early memory node ranges
[    0.000000]   node   0: [mem 0x0000000000001000-0x000000000009efff]
[    0.000000]   node   0: [mem 0x0000000000100000-0x000000001ffeffff]
[    0.000000] Initmem setup node 0 [mem 0x0000000000001000-0x000000001ffeffff]
[    0.000000] ACPI: PM-Timer IO Port: 0x4008
[    0.000000] IOAPIC[0]: apic_id 2vesion 17, address 0xfec00000, GSI 0-23
[   0.0000]CPI:INSR_OVR (bus 0 bus_irq 0 global_irq 2 dfl dfl)
[    0.000000] ACPI: INT_SRC_OVR (bus 0 bus_irq 9 global_irq 9 high level)
[    0.000000] Using ACPI (MADT) for SMP configuration information
[    0.000000] smpboot: Allowing 2 CPUs, 0 hotplug CPUs
[    0.000000] PM: Registered nosave memory: [mem 0x00000000-0x00000fff]
[    0.000000] PM: Registered nosave memory: [mem 0x0009f000-0x0009ffff]
[    0.000000] PM: Registered nosave memory: [mem 0x000a0000-0x000effff]
[    0.000000] PM: Registered nosave memory: [mem 0x000f0000-0x000fffff]
[    0.000000] e820: [mem0x20000000-0xfffff] available for PCI devices
[    0.000000] Booting paravirtualized kernel on KVM
[    0.000000] clocksource: refined-jiffies: mask: 0xffffffff max_cycles: 0xffffffff, max_idle_ns: 7645519600211568 ns
[    0.000000] setup_percpu: NR_CPUS:512 nr_cpumask_bits:512 nr_cpu_ids:2 nr_node_ids:1
[    0.000000] PERCPU: Embedded 34 pages/cpu @ffff88001fc00000 s98328 r8192 d32744 u1048576
[    0.000000] PV qspinlock hash table entries: 256 (oer 0, 4096 bys)
[    .0000]uilt 1 nests in Node order, mobility grouping on.  Total pages: 128889
[    0.000000] Policy zone: DMA32
[    0.000000] Kernel command line: BOOT_IMAGE=/boot/vmlinuz-4.4.0-97-generic root=LABEL=cloudimg-rootfs ro console=tty1 console=ttyS0
[    0.000000] PID hash table entries: 2048 (order: 2, 16384 bytes)
[    0.000000] Memory: 485692K/523832K available (8480K kernel code, 1294K rwdata, 3984K rodata, 1492K init, 1316K bss, 38140K reserved, 0K cma-reserved)
[    0.000000] SLUB: HWalign=64, Order=0-3, MinObjects=0, CPUs=2, Nodes=1
[    0.000000] Hierarchical RCU implementation.
[    0.000000] 	Build-time adjustment of leaf fanout to 64.
[    0.000000] 	RCU restricting CPUs from NR_CPUS=512 to nr_cpu_ids=2.
[    0.000000] RCU: Adjusting geometry for rcu_fanout_leaf=64, nr_cpu_ids=2
[    0.000000] NR_IRQS:33024 nr_irqs:440 16
[    0.000000] Console: colour VGA+ 80x25
[    0.000000] console [tty1] enabled
[    0.000000] console [ttyS0] enabled
[    0.000000] tsc: Detected 2394.618 MHz processor
[    1.526168] Calibrating delay loop (skipped) preset value.. 4789.23 BogoMIPS (lpj=9578472)
[    1.527595] pid_max: default: 32768 minimum: 301
[    1.572339] ACPI: Core revision 20150930
[    1.575084] ACPI: 2 ACPI AML tables successfully acquired and loaded
[    1.576174] Security Framework initialized
[    1.576893] Yama: becoming mindful.
[    1.577549] AppArmor: AppArmor initialized
[    1.644858] Dentry cache hash table entries: 65536 (order: 7, 524288 bytes)
[    1.679342] Inode-cache hash table entries: 32768 (order: 6, 262144 bytes)
[    1.680392] Mount-cache hash table entries: 1024 (order: 1, 8192 bytes)
[    1.681393] Mountpoint-cache hash table entries: 1024 (order: 1, 8192 bytes)
[    1.728873] Initializing cgroup subsys io
[    1.729592] Initializing cgroup subsys memory
[    1.730338] Initializing cgroup subsys devices
[    1.731082] Initializing cgroup subsys freezer
[    1.731823] Initializing cgroup subsys net_cls
[    1.754745] Initializing cgroup subsys perf_event
[    1.755517] Initializing cgroup subsys net_prio
[    1.756269] Initializing cgroup subsys hugetlb
[    1.757021] Initializing cgroup subsys pids
[    1.757818] CPU: Physical Processor ID: 0
[    1.758515] CPU: Processor Core ID: 0
[    1.760081] mce: CPU supports 0 MCE banks
[    1.774315] Last level iTLB entries: 4KB 1024, 2MB 1024, 4MB 1024
[    1.874703] Last level dTLB entries: 4KB 1024, 2MB 1024, 4MB 1024, 1GB 4
[    1.882865] Freeing SMP alternatives memory: 32K
[    1.942188] ftrace: allocating 32148 entries in 126 pages
[    2.037561] smpboot: APIC(0) Converting physical 0 to logical package 0
[    2.110561] smpboot: Max logical packages: 1
[    2.112676] ..TIMER: vector=0x30 apic1=0 pin1=2 apic2=-1 pin2=-1
[    2.220991] smpboot: CPU0: Intel(R) Core(TM) i7-4500U CPU @ 1.80GHz (family: 0x6, model: 0x45, stepping: 0x1)
[    2.407789] Performance Events: unsupported p6 CPU model 69 no PMU driver, software events only.
[    2.436210] KVM setup paravirtual spinlock
[    2.472870] x86: Booting SMP configuration:
[    2.557296] .... node  #0, CPUs:      #1
[    2.572549] kvm-clock: cpu 1, msr 0:1ffe3041, secondary cpu clock
[    2.574302] mce: CPU supports 0 MCE banks
[    2.576827] x86: Booted up 1 node, 2 CPUs
[    2.612533] smpboot: Total of 2 processors activated (9578.47 BogoMIPS)
[    2.614158] devtmpfs: initialized
[    2.618805] evm: security.selinux
[    2.621555] evm: security.SMACK64
[    2.622234] evm: security.SMACK64EXEC
[    2.622919] evm: security.SMACK64TRANSMUTE
[    2.623655] evm: security.SMACK64MMAP
[    2.624339] evm: security.ima
[    2.624954] evm: security.capability
[    2.625950] clocksource: jiffies: mask: 0xffffffff max_cycles: 0xffffffff, max_idle_ns: 7645041785100000 ns
[    2.630595] futex hash table entries: 512 (order: 3, 32768 bytes)
[    2.631764] pinctrl core: initialized pinctrl subsystem
[    2.633957] RTC time: 13:08:48, date: 11/20/17
[    2.637997] NET: Registered protocol family 16
[    2.653292] cpuidle: using governor ladder
[    2.677331] cpuidle: using governor menu
[    2.689636] PCCT header not found.
[    2.690412] ACPI: bus type PCI registered
[    2.691142] acpiphp: ACPI Hot Plug PCI Controller Driver version: 0.5
[    2.692276] PCI: Using configuration type 1 for base access
[    2.710952] ACPI: Added _OSI(Module Device)
[    2.773554] ACPI: Added _OSI(Processor Device)
[    2.812359] ACPI: Added _OSI(3.0 _SCP Extensions)
[    2.813143] ACPI: Added _OSI(Processor Aggregator Device)
[    2.814649] ACPI: Executed 1 blocks of module-level executable AML code
[    2.817576] ACPI: Interpreter enabled
[    2.857345] ACPI: (supports S0 S5)
[    2.865691] ACPI: Using IOAPIC for interrupt routing
[    2.866652] PCI: Using host bridge windows from ACPI; if necessary, use "pci=nocrs" and report a bug
[    2.871306] ACPI: PCI Root Bridge [PCI0] (domain 0000 [bus 00-ff])
[    2.872249] acpi PNP0A03:00: _OSC: OS supports [ASPM ClockPM Segments MSI]
[    2.873271] acpi PNP0A03:00: _OSC failed (AE_NOT_FOUND); disabling ASPM
[    2.874260] acpi PNP0A03:00: fail to add MMCONFIG information, can't access extended PCI configuration space under this bridge.
[    2.876273] PCI host bridge to bus 0000:00
[    2.905142] pci_bus 0000:00: root bus resource [io  0x0000-0x0cf7 window]
[    2.906143] pci_bus 0000:00: root bus resource [io  0x0d00-0xffff window]
[    2.907142] pci_bus 0000:00: root bus resource [mem 0x000a0000-0x000bffff window]
[    3.022806] pci_bus 0000:00: root bus resource [mem 0x20000000-0xffdfffff window]
[    3.048917] pci_bus 0000:00: root bus resource [bus 00-ff]
[    3.051070] pci 0000:00:01.1: legacy IDE quirk: reg 0x10: [io  0x01f0-0x01f7]
[    3.111098] pci 0000:00:01.1: legacy IDE quirk: reg 0x14: [io  0x03f6]
[    3.168029] pci 0000:00:01.1: legacy IDE quirk: reg 0x18: [io  0x0170-0x0177]
[    3.172755] pci 0000:00:01.1: legacy IDE quirk: reg 0x1c: [io  0x0376]
[    3.188487] ACPI: PCI Interrupt Link [LNKA] (IRQs 5 9 10 11) *0, disabled.
[    3.278064] ACPI: PCI Interrupt Link [LNKB] (IRQs 5 9 10 *11)
[    3.279350] ACPI: PCI Interrupt Link [LNKC] (IRQs 5 9 *10 11)
[    3.280633] ACPI: PCI Interrupt Link [LNKD] (IRQs 5 *9 10 11)
[    3.282037] ACPI: Enabled 2 GPEs in block 00 to 07
[    3.283714] vgaarb: setting as boot device: PCI:0000:00:02.0
[    3.321682] vgaarb: device added: PCI:0000:00:02.0,decodes=io+mem,owns=io+mem,locks=none
[    3.323149] vgaarb: loaded
[    3.333883] vgaarb: bridge control possible 0000:00:02.0
[    3.338173] SCSI subsystem initialized
[    3.342003] ACPI: bus type USB registered
[    3.349817] usbcore: registered new interface driver usbfs
[    3.350808] usbcore: registered new interface driver hub
[    3.351825] usbcore: registered new device driver usb
[    3.354309] PCI: Using ACPI for IRQ routing
[    3.358167] NetLabel: Initializing
[    3.365797] NetLabel:  domain hash size = 128
[    3.366573] NetLabel:  protocols = UNLABELED CIPSOv4
[    3.367405] NetLabel:  unlabeled traffic allowed by default
[    3.373845] amd_nb: Cannot enumerate AMD northbridges
[    3.381749] clocksource: Switched to clocksource kvm-clock
[    3.391836] AppArmor: AppArmor Filesystem Enabled
[    3.398001] pnp: PnP ACPI init
[    3.402981] pnp: PnP ACPI: found 3 devices
[   .415684] clocksource: acpi_pm: mask: 0xffffff max_cycles: 0xffffff, max_idle_ns: 2085701024 ns
[    3.460785] NET: Registered protocol family 2

[    3.461752] TCP established hash table entries: 4096 (order: 3, 32768 bytes)
[    3.463059] TCP bind hash table entries: 4096 (order: 4, 65536 bytes)
[    3.464103] TCP: Hash tables configured (established 4096 bind 4096)
[    3.465149] UDP hash table entries: 256 (order: 1, 8192 bytes)
[    3.466155] UDP-Lite hash table entries: 256 (order: 1, 8192 bytes)
[    3.467195] NET: Registered protocol family 1
[    3.467971] pci 0000:00:00.0: Limiting direct PCI/PCI transfers
[    3.468939] pci 0000:00:01.0: Activating ISA DMA hang workarounds
[   .470057] Unpacking initramfs...

[    5.231766] Freeing initrd memory: 10792K
[    5.243545] RAPL PMU detected, API unit is 2^-32 Joules, 4 fixed counters 10737418240 ms ovfl timer
[    5.247336] hw unit of domain pp0-core 2^-0 Joules
[    5.248178] hw unit of domain package 2^-0 Joules
[    5.248981] hw unit of domain dram 2^-0 Joules
[    5.249767] hw unit of domain pp1-gpu 2^-0 Joules
[    5.250776] platform rtc_cmos: registered platform RTC device (no PNP device found)
[    5.255232] Scanning for low memory corruption every 60 seconds
[    5.256784] audit: initializing netlink subsys (disabled)
[    5.260375] audit: type=2000 audit(1511183332.308:1): initialized
[    5.262204] Initialise system trusted keyring
[    5.263517] HugeTLB registered 2 MB page size, pre-allocated 0 pages
[    5.266106] zbud: loaded
[    5.282588] VFS: Disk quotas dquot_6.6.0
[    5.283322] VFS: Dquot-cache hash table entries: 512 (order 0, 4096 bytes)
[    5.284564] squashfs: version 4.0 (2009/01/31) Phillip Lougher
[    5.322596] fuse init (API version 7.23)
[    5.323419] Key type big_key registered
[    5.328759] Allocating IMA MOK and blacklist keyrings.
[    5.331973] Key type asymmetric registered
[    5.362396] Asymmetric key parser 'x509' registered
[    5.363247] Block layer SCSI generic (bsg) driver version 0.4 loaded (major 249)
[    5.364636] io scheduler noop registered
[    5.365339] io scheduler deadline registered (default)
[    5.366202] io scheduler cfq registered
[    5.367031] pci_hotplug: PCI Hot Plug PCI Core version: 0.5
[    5.367907] pciehp: PCI Express Hot Plug Controller Driver version: 0.4
[    5.368997] ACPI: AC Adapter [AC] (on-line)
[    5.369776] input: Power Button as /devices/LNXSYSTM:00/LNXPWRBN:00/input/input0
[    5.371107] ACPI: Power Button [PWRF]
[    5.371822] input: Sleep Button as /devices/LNXSYSTM:00/LNXSLPBN:00/input/input1
[    5.373095] ACPI: Sleep Button [SLPF]
[    5.412949] ACPI: Battery Slot [BAT0] (battery present)
[    5.421791] GHES: HEST is not enabled!
[    5.443495] Serial: 8250/16550 driver, 32 ports, IRQ sharing enabled
[    5653]00:02:ty aI/ 03f (q 4,as_baud = 115200) is a 16550A

[    5.961293] Linux agpgart interface v0.103
[   559963979] loop: module loaded
[    6.230562] scsi host0: ata_piix
[    6.251613] tsc: Refined TSC clocksource calibration: 2394.527 MHz
[    ..251615] clocksource: tsc: mask: 0xffffffffffffffff max_cycles: 0x2284056658e, max_idle_ns: 440795232694 ns
[   66.522980] scsi host1: ata_piix
[    6.746069] ata1: PATA max UDMA/33 cmd 0x1f0 ctl 0x3f6 bmdma 0xd000 irq 14
[    6.962236] ata2: PATA max UDMA/33 cmd 0x170 ctl 0x376 bmdma 0xd008 irq 15
[    6.963747] libphy: Fixed MDIO Bus: probed
[    6.964460] tun: Universal TUN/TAP device driver, 1.6
[    6.965266] tun: (C) 1999-2004 Max Krasnyansky <maxk@qualcomm.com>
[    6.966259] PPP generic driver version 2.4.2
[    6.967083] ehci_hcd: USB 2.0 'Enhanced' Host Controller (EHCI) Driver
[    6.968059] ehci-pci: EHCI PCI platform driver
[    6.968814] ehci-platform: EHCI generic platform drieer
[   77.013831] ohci_hcd: USB 1.1 'Open' Host Controller (OHCI) Driver
[    7.082416] ohci-pci: OHCI PCI platform driver
[    7.083184] ohci-platform: OHCI generic platform driver
[    7.084021] uhci_hcd: USB Universal Host Controller Interface driver
[    7.085034] i8042: PNP: PS/2 Controller [PNP0303:PS2K,PNP0f03:PS2M] at 0x60,0x64 irq 1,12
[    7.086890] serio: i8042 KBD port at 0x60,0x64 irq 1
[    7.087704] serio: i8042 AUX port at 0x60,0x64iirq 12
[    7.112079] mousedev: PS/2 mouse device common for all mice
[    7.113397] rtc_cmos rtc_cmos: rtc core: registered rtc_cmos as rtc0
[    7.162526] input: AT Translated Set 2 keyboard as /devices/platform/i8042/serio0/input/input2
[   77.202885] rtc_cmos rtc_cmos: alarms up to one day, 114 bytes nvram
[    7.242530] i2c /dev entries driver
[    7.243464] device-mapper: uevent: version 1.0.3
[    7.244505] device-mapper: ioctl: 4.34.0-ioctl (2015-10-28) initialised: dm-devel@redhat.com
[    7.245936] ledtrig-cpu: registered to indicate activity on CPUs
[    7.263021] NET: Registered protocol family 10
[    7.372382] NET: Registered protocol family 17
[    7.375256] Key type dns_resolver registered
[    7.376166] microcode: CPU0 sig=0x40651, pf=0x40, revision=0x0
[    7.377227] microcode: CPU1 sig=0x40651, pf=0x40, revision=0x0
[    7.378179] microcode: Microcode Update Driver: v2.01 <tigran@aivazian.fsnet.co.uk>, Peter Oruba
[    7.379767] registered taskstats version 1
[    7.380498] Loading compiled-in X.509 certificates
[    7.382019] Loaded X.509 cert 'Build time autogenerated kernel key: d1010f9627fd9242df4b03365d2931dfd1ad3d42'
[    7.403053] zswap: loaded using pool lzo/zbud
[    7.406104] Key type trusted registered
[    7.447526] Key type encrypted registered
[    7.448603] AppArmor: AppArmor sha1 policy hashing enabled
[    7.462605] ima: No TPM chip found, activating TPM-bypass!
[    7.472333] evm: HMAC attrs: 0x1
[    7.473312]   Magic number: 9:975:129
[    7.474161] rtc_cmos rtc_cmos: setting system clock to 2017-11-20 13:08:52 UTC (1511183332)
[    7.475781] BIOS EDD facility v0.16 2004-Jun-25, 0 devices found
[    7.476749] EDD information not available.
[    7.478798] Freeing unused kernel memory: 1492K
[    7.482306] Write protecting the kernel read-only data: 14336k
[    7.483939] Freeing unused kernel memory: 1748K
[    7.485034] Freeing unused kernel memory: 112K
Loading, please wait...
[    7.502169] random: systemd-udevd: uninitialized urandom read (16 bytes read, 2 bits of entropy available)
starting version 229
[    7.502856] random: udevadm: uninitialized urandom read (16 bytes read, 2 bits of entropy available)
[    7.502893] random: udevadm: uninitialized urandom read (16 bytes read, 2 bits of entropy available)
[    7.503004] random: udevadm: uninitialized urandom read (16 bytes read, 2 bits of entropy available)
[    7.503042] random: udevadm: uninitialized urandom read (16 bytes read, 2 bits of entropy available)
[    7.503080] random: udevadm: uninitialized urandom read (16 bytes read, 2 bits of entropy available)
[    7.503124] random: udevadm: uninitialized urandom read (16 bytes read, 2 bits of entropy available)
[    7.503165] random: udevadm: uninitialized urandom read (16 bytes read, 2 bits of entropy available)
[    7.503200] random: udevadm: uninitialized urandom read (16 bytes read, 2 bits of entropy available)
[    7.503235] random: udevadm: uninitialized urandom read (16 bytes read, 2 bits of entropy available)
[    7.736554] Fusion MPT base driver 3.04.20
[    7.743485] Copyright (c) 1999-2008 LSI Corporation
[    7.749545] e1000: Intel(R) PRO/1000 Network Driver - version 7.3.21-k8-NAPI
[    7.757516] e1000: Copyright (c) 1999-2006 Intel Corporation.
[    7.787660] Fusion MPT SPI Host driver 3.04.20
[    7.807483] AVX version of gcm_enc/dec engaged.
[    7.901925] AES CTR mode by8 optimization enabled
[    7.983231] input: ImExPS/2 Generic Explorer Mouse as /devices/platform/i8042/serio1/input/input4
[    8.216990] e1000 0000:00:03.0 eth0: (PCI:33MHz:32-bit) 02:14:68:3e:84:47
[    8.362005] e1000 0000:00:03.0 eth0: Intel(R) PRO/1000 Network Connection
[    8.368746] mptbase: ioc0: Initiating bringup
[    8.430193] ioc0: LSI53C1030 A0: Capabilities={Initiator}
[    8.644228] scsi host2: ioc0: LSI53C1030 A0, FwRev=00000000h, Ports=1, MaxQ=256, IRQ=20
[    8.934355] scsi 2:0:0:0: Direct-Access     VBOX     HARDDISK         1.0  PQ: 0 ANSI: 5
[    8.941326] scsi target2:0:0: Beginning Domain Validation
[    8.944048] scsi target2:0:0: Domain Validation skipping write tests
[    8.945064] scsi target2:0:0: Ending Domain Validation
[    8.950784] scsi target2:0:0: asynchronous
[    8.951925] scsi 2:0:1:0: Direct-Access     VBOX     HARDDISK         1.0  PQ: 0 ANSI: 5
[    8.955365] scsi target2:0:1: Beginning Domain Validation
[    8.957097] scsi target2:0:1: Domain Validation skipping write tests
[    8.958249] scsi target2:0:1: Ending Domain Validation
[    8.959245] scsi target2:0:1: asynchronous
[    8.978644] sd 2:0:0:0: Attached scsi generic sg0 type 0
[    8.981239] sd 2:0:1:0: Attached scsi generic sg1 type 0
[    8.983659] sd 2:0:1:0: [sdb] 20480 512-byte logical blocks: (10.5 MB/10.0 MiB)
[    9.000668] sd 2:0:0:0: [sda] 20971520 512-byte logical blocks: (10.7 GB/10.0 GiB)
[    9.010114] sd 2:0:1:0: [sdb] Write Protect is off
[    9.012244] sd 2:0:0:0: [sda] Write Protect is off
[    9.013378] sd 2:0:1:0: [sdb] Incomplete mode parameter data
[    9.014542] sd 2:0:1:0: [sdb] Assuming drive cache: write through
[    9.021161] sd 2:0:0:0: [sda] Incomplete mode parameter data
[    9.024398] sd 2:0:0:0: [sda] Assuming drive cache: write through
[    9.049239]  sda: sda1
[    9.055914] sd 2:0:0:0: [sda] Attached SCSI disk
[    9.074010] sd 2:0:1:0: [sdb] Attached SCSI disk
[    9.284956] e1000 0000:00:08.0 eth1: (PCI:33MHz:32-bit) 08:00:27:52:fc:d4
[    9.322372] e1000 0000:00:08.0 eth1: Intel(R) PRO/1000 Network Connection
[    9.442934] e1000 0000:00:03.0 enp0s3: renamed from eth0
[    9.462855] e1000 0000:00:08.0 enp0s8: renamed from eth1
[   10.789998] floppy0: no floppy controllers found
[   11.167508] work still pending
Begin: Loading e[   12.548663] md: linear personality registered for level -1
ssential drivers ... [   12.644784] md: multipath personality registered for level -4
[   12.650569] md: raid0 personality registered for level 0
[   12.660784] md: raid1 personality registered for level 1
[   12.733778] raid6: sse2x1   gen()  9091 MB/s
[   12.817802] raid6: sse2x1   xor()  5655 MB/s
[   12.889783] raid6: sse2x2   gen() 10777 MB/s
[   12.957795] raid6: sse2x2   xor()  7586 MB/s
[   13.029806] raid6: sse2x4   gen() 13360 MB/s
[   13.097795] raid6: sse2x4   xor()  9244 MB/s
[   13.103837] raid6: using algorithm sse2x4 gen() 13360 MB/s
[   13.104742] raid6: .... xor() 9244 MB/s, rmw enabled
[   13.105587] raid6: using ssse3x2 recovery algorithm
[   13.108029] xor: automatically using best checksumming function:
[   13.172311]    avx       : 45797.000 MB/sec
[   13.243196] async_tx: api initialized (async)
[   13.253013] md: raid6 personality registered for level 6
[   13.259200] md: raid5 personality registered for level 5
[   13.260108] md: raid4 personality registered for level 4
[   13.266538] md: raid10 personality registered for level 10
done.
Begin: Running /scripts/init-premount ... done.
Begin: Mounting root file system ... Begin: Running /scripts/local-top ... done.
Begin: Running /scripts/local-premount ... [   13.307687] Btrfs loaded
Scanning for Btrfs filesystems
done.
Warning: fsck not present, so skipping root file system
[   13.396755] EXT4-fs (sda1): mounted filesystem with ordered data mode. Opts: (null)
done.
Begin: Running /scripts/local-bottom ... done.
Begin: Running /scripts/init-bottom ... done.
[   14.033352] systemd[1]: systemd 229 running in system mode. (+PAM +AUDIT +SELINUX +IMA +APPARMOR +SMACK +SYSVINIT +UTMP +LIBCRYPTSETUP +GCRYPT +GNUTLS +ACL +XZ -LZ4 +SECCOMP +BLKID +ELFUTILS +KMOD -IDN)
[   14.044821] systemd[1]: Detected virtualization oracle.
[   14.101774] systemd[1]: Detecte  architecture x86-64.

Welcome to [1mUbuntu 16.04.3 LTS[0m!

[   14.236281] systemd[1]: Set hostnametto <ubuntu>.
[   14.388289] systemd[1]: Initializing machine ID from random generator.
[   14.551898] systemd[1]: Installed transient /etc/machine-id file.
[   14.624386] random: nonblocking pool is initialized
[   15.509989] systemd[1]: Created slice System Slice.
[[0;32m  OK  [0m] Created slice System Slice.
[   15.782400] systemd[1]: Created slice User and Session Slice.
[[0;32m  OK  [0m] Created slice User and Session Slice.
[   55.818246] systemd[1]: Listening on /dev/initctl Compatibility Named Pipe.
[[0;32m  OK  [0m] Listening on /dev/initctl Compatibility Named Pipe.
[   15.858768] systemd[1]: Listening on Journal Audit Socket.
[[0;32m  OK  [0m] Listening on Journal Audit Socket.
[   15.860578] systemd[1]: Listening on udev Kernel Socket.
[[0;32m  OK  [0m] Listening on udev Kernel Socket.
[   15.864112] systemd[1]: Listening on Syslog Socket.
[[0;32m  OK  [0m] Listening on Syslog Socket.
[   15.868536] systemd[1]: Reached target User and Group Name Lookups.
[[0;32m  OK  [0m] Reached target User and Group Name Lookups.
[   15.870646] systemd[1]: Listening on Journal Socket.
[[0;32m  OK  [0m] Listening on Journal Socket.
[   15.882092] systemd[1]: Mounting Debug File System...
         Mounting Debug File System...
[   15.904723] systemd[1]: Mounting POSIX Message Queue File System...
         Mounting POSIX Message Queue File System...
[   15.950094] systemd[1]: Starting Load Kernel Modules...
         Starting Load Kernel Modules...
[   15.965272] systemd[1]: Started Trigger resolvconf update for networkd DNS.
[[0;32m  OK  [0m] Started Trigger resolvconf update for networkd DNS.
[   15.997896] systemd[1]: Starting Remount Root and Kernel File Systems...
         Starting Remount Root and Kernel File Systems...
[   16.000479] systemd[1]: Reached target Swap.
[[0;32m  OK  [0m] Reached target Swap.
[   16.040938] EXT4-fs (sda1): re-mounted. Opts: (null)
[   16.049962] systemd[1]: Starting Nameserver information manager...
         Starting Nameserver information manager...
[   16.054583] systemd[1]: Reached target Encrypted Volumes.
[[0;32m  OK  [[   16.056099] Loading iSCSI transport class v2.0-870.
0m] Reached target Encrypted Volumes.
[   16.070882] systemd[1]: Listening on Journal Socket (/dev/log).
[[0;32m  OK  [0m] Listening on Journal Socket (/dev/log).
[   16.084224] systemd[1]: Starting Journal Service...
         Starting Journal Service...
[   16.088317] systemd[1]: Set up automount Arbitrary Executable File Formats File System Automount Point.
[[0;32m  OK  [0m] Set up automount Arbitrary Executab...ats File System Automount Point.
[   16.112476] iscsi: registered transport (tcp)
[   16.222019] systemd[1]: Starting Create list of required static device nodes for the current kernel...
         Starting Create list of required st... nodes for the current kernel...
[   16.249203] systemd[1]: Started Forward Password Requests to Wall Directory Watch.
[[0;32m  OK  [0m] Started Forward Password Requests to Wall Directory Watch.
[   16.255707] systemd[1]: Listening on LVM2 poll daemon socket.
[[0;32m  OK  [0m] Listening on LVM2 poll daemon socket.
[   16.271380] systemd[1]: Starting Uncomplicated firewall...
         Starting Uncomplicated firewall...
[   16.442156] systemd[1]: Listening on Device-mapper event daemon FIFOs.
[[0;32m  OK  [0m] Listening on Device-mapper event daemon FIFOs.
[   16.670158] systemd[1]: Starting Set console keymap...
         Starting Set console keymap...
[   16.678418] systemd[1]: Reached target Slices.
[[0;32m  OK  [0m] Reached target Slices.
[   16.684467] systemd[1]: Listening on LVM2 metadata daemon socket.
[   16.703940] iscsi: registered transport (iser)
[[0;32m  OK  [0m] Listening on LVM2 metadata daemon socket.
[   16.708499] systemd[1]: Starting Monitoring of LVM2 mirrors, snapshots etc. using dmeventd or progress polling...
         Starting Monitoring of LVM2 mirrors... dmeventd or progress polling...
[   16.730855] systemd[1]: Listening on udev Control Socket.
[[0;32m  OK  [0m] Listening on udev Control Socket.
[   16.737168] systemd[1]: Created slice system-serial\x2dgetty.sice.
[[0;32m  OK  [0m] Created slice system-serial\x2dgetty.slice.
[   16.957927] systemd[1]: Mounting Huge Pages File System...
         Mounting Huge Pages File System...
[   17.082912] systemd[1]: Mounted Debug File System.
[[0;32m  OK  [0m] Mounted Debug File System.
[   17.122013] systemd[1]: Mounted Huge Pages File System.
[[0;32m  OK  [0m] Mounted Huge Pages File System.
[   17.124165] systemd[1]: Mounted POSIX Message Queue File System.
[[0;32m  OK  [0m] Mounted POSIX Message Queue File System.
[   17.126793] systemd[1]: Started Journal Service.
[[0;32m  OK  [0m] Started Journal Service.
[[0;32m  OK  [0m] Started Load Kernel Modules.
[[0;32m  OK  [0m] Started Remount Root and Kernel File Systems.
[[0;32m  OK  [0m] Started Create list of required sta...ce nodes for the current kernel.
[[0;32m  OK  [0m] Started Uncomplicated firewall.
[[0;32m  OK  [0m] Started Set console keymap.
[[0;32m  OK  [0m] Started Nameserver information manager.
[[0;32m  OK  [0m] Started LVM2 metadata daemon.
         Starting Create Static Device Nodes in /dev...
         Starting Load/Save Random Seed...
         Starting Initial cloud-init job (pre-networking)...
         Starting udev Coldplug all Devices...
         Mounting FUSE Control File System...
         Starting Apply Kernel Variables...
         Starting Flush Journal to Persistent Storage...
[[0;32m  OK  [0m] Mounted FUSE Control File System.
[[0;32m  OK  [0m] Started Load/Save Random Seed.
[[0;32m  OK  [0m] Started udev Coldplug all Devices.
[[0;32m  OK  [0m] Started Apply Kernel Variables.
[[0;32m  OK  [0m] Started Flush Journal to Persistent Storage.
[[0;32m  OK  [0m] Started Monitoring of LVM2 mirrors,...ng dmeventd or progress polling.
[[0;32m  OK  [0m] Started Create Static Device Nodes in /dev.
         Starting udev Kernel Device Manager...
[[0;32m  OK  [0m] Started udev Kernel Device Manager.
[[0;32m  OK  [0m] Started Dispatch Password Requests to Console Directory Watch.
[[0;32m  OK  [0m] Reached target Local File Systems (Pre).
[[0;32m  OK  [0m] Reached target Local File Systems.
         Starting LSB: AppArmor initialization...
         Starting Tell Plymouth To Write Out Runtime Data...
         Starting Create Volatile Files and Directories...
         Starting Set console font and keymap...
         Starting Commit a transient machine-id on disk...
[[0;32m  OK  [0m] Started Commit a transient machine-id on disk.
[[0;32m  OK  [0m] Found device /dev/ttyS0.
[[0;32m  OK  [0m] Started Tell Plymouth To Write Out Runtime Data.
[[0;32m  OK  [0m] Started Create Volatile Files and Directories.
         Starting Update UTMP about System Boot/Shutdown...
[[0;32m  OK  [0m] Reached target System Time Synchronized.
[[0;32m  OK  [0m] Started Update UTMP about System Boot/Shutdown.
[[0;32m  OK  [0m] Listening on Load/Save RF Kill Switch Status /dev/rfkill Watch.
[[0;32m  OK  [0m] Started Set console font and keymap.
[[0;32m  OK  [0m] Created slice system-getty.slice.
[[0;32m  OK  [0m] Started LSB: AppArmor initialization.
[   20.590069] cloud-init[437]: Cloud-init v. 0.7.9 running 'init-local' at Mon, 20 Nov 2017 13:09:08 +0000. Up 20.15 seconds.
[[0;32m  OK  [0m] Started Initial cloud-init job (pre-networking).
[[0;32m  OK  [0m] Reached target Network (Pre).
         Starting Raise network interfaces...
[[0;32m  OK  [0m] Started Raise network interfaces.
[[0;32m  OK  [0m] Reached target Network.
         Starting Initial cloud-init job (metadata service crawler)...
[   22.898377] cloud-init[946]: Cloud-init v. 0.7.9 running 'init' at Mon, 20 Nov 2017 13:09:09 +0000. Up 21.26 seconds.
[   22.951068] [cloud-init[0;32m  OK  [0m[946]: ] ci-info: ++++++++++++++++++++++++++++++++++++++Net device info++++++++++++++++++++++++++++++++++++++Started Initial cloud-init job (metadata service crawler).

[   22.951442] cloud-init[946]: ci-info: +--------+-------+----------------------------+---------------+-------+-------------------+
[   22.968356] [cloud-init[0;32m  OK  [0m[946]: ] ci-info: | Device |   Up  |          Address           |      Mask     | Scope |     Hw-Address    |Reached target Network is Online.

[   22.968774] cloud-init[946]: ci-info: +--------+-------+----------------------------+---------------+-------+-------------------+
[   22.975188] cloud-init[946]: ci-info: | enp0s3 |  True |         10.0.2.15          | 255.255.255.0 |   .   | 02:14:68:3e:84:47 |
[   22.978502] cloud-init[946]: ci-info: | enp0s3 |  True | fe80::14:68ff:fe3e:8447/64 |       .       |  link | 02:14:68:3e:84:47 |
[   22.981764] cloud-init[946]: ci-info: | enp0s8 | False |             .              |       .       |   .   | 08:00:27:52:fc:d4 |
[   22.985914] cloud-init[946]: ci-info: |   lo   |  True |         127.0.0.1          |   255.0.0.0   |   .   |         .         |
[   22.988875] cloud-init[946]: ci-info: |   lo   |  True |          ::1/128           |       .       |  host |         .         |
[   22.989108] cloud-init[946]: ci-info: +--------+-------+----------------------------+---------------+-------+-------------------+
         Starting iSCSI initiator daemon (iscsid)...
[[   22.989234] cloud-init[946]: ci-info: +++++++++++++++++++++++++++Route IPv4 info++++++++++++++++++++++++++++
[   23.033042] [0;32m  OK  [0mcloud-init] [946]: Reached target System Initialization.ci-info: +-------+-------------+----------+---------------+-----------+-------+

[   23.053889] cloud-init[946]: ci-info: | Route | Destination | Gateway  |    Genmask    | Interface | Flags |
[   23.054107] cloud-init[946]: ci-info: +-------+-------------+----------+---------------+-----------+-------+
         Starting LXD - unix socket.
         Starting Socket activation for snappy daemon.
[   23.054227] cloud-init[946]: ci-info: |   0   |   0.0.0.0   | 10.0.2.2 |    0.0.0.0    |   enp0s3  |   UG  |
[   23.087699] cloud-init[946]: ci-info: |   1   |   10.0.2.0  | 0.0.0.0  | 255.255.255.0 |   enp0s3  |   U   |
[   23.087905] cloud-init[946]: ci-info: +-------+-------------+----------+---------------+-----------+-------+
[   23.088033] cloud-init[946]: Generating public/private rsa key pair.
[   23.088193] cloud-init[946]: Your identification has been saved in /etc/ssh/ssh_host_rsa_key.
[   23.088317] cloud-init[946]: Your public key has been saved in /etc/ssh/ssh_host_rsa_key.pub.
[[0;32m  OK  [0m] Listening on D-Bus System Message Bus Socket.
[   23.088455] cloud-init[946]: The key fingerprint is:
[   23.224471] cloud-init[946]: SHA256:NLmzgnK2Do3KVICf4TzNsR7B5L2NNcsqAOWBw40zd94 root@ubuntu-xenial
[   23.224866] cloud-init[946]: The key's randomart image is:
[[0;32m  OK  [0m] Started ACPI Events Check.
[   23.224995] cloud-init[946]: +---[RSA 2048]----+
[   23.379368] cloud-init[946]: |..= .            |
[[0;32m  OK  [0m] Reached target Paths.
[   23.379512] cloud-init[946]: |+B B o   .       |
[   23.401720] cloud-init[946]: |oo* B o *        |
[   23.402263] cloud-init[946]: | =.= = E =       |
[   23.402576] cloud-init[946]: |  B.= o S        |
[   23.402708] cloud-init[946]: |  .* o . o       |
[   23.402848] cloud-init[946]: | .+ B o .        |
[   23.402988] cloud-init[946]: |o. = o .         |
[   23.403131] cloud-init[946]: |.. .o            |
[   23.403271] cloud-init[946]: +----[SHA256]-----+
[   23.403414] cloud-init[946]: Generating public/private dsa key pair.
[   23.403556] cloud-init[946]: Your identification has been saved in /etc/ssh/ssh_host_dsa_key.
[   23.403698] cloud-init[946]: Your public key has been saved in /etc/ssh/ssh_host_dsa_key.pub.
[   23.403839] cloud-init[946]: The key fingerprint is:
[   23.404017] cloud-init[946]: SHA256:uBwV+kzTSQ2KhJSdyzZx53CEZHSpsIXysqCSjUBylD0 root@ubuntu-xenial
[   23.404153] cloud-init[946]: The key's randomart image is:
[   23.404289] cloud-init[946]: +---[DSA 1024]----+
[   23.404428] cloud-init[946]: | ..+.+.==o=+     |
[   23.404573] cloud-init[946]: |..o E.*+=*+..    |
[   23.404710] cloud-init[946]: |o.   =oB=*o      |
[   23.404852] cloud-init[946]: |. . . B*...      |
[   23.404994] cloud-init[946]: |.= . +o.S        |
[   23.405135] cloud-init[946]: |= . .. o         |
[   23.405283] cloud-init[946]: |.     o          |
[   23.405419] cloud-init[946]: |                 |
[   23.405561] cloud-init[946]: |                 |
[   23.405703] cloud-init[946]: +----[SHA256]-----+
[   23.405844] cloud-init[946]: Generating public/private ecdsa key pair.
[   23.405987] cloud-init[946]: Your identification has been saved in /etc/ssh/ssh_host_ecdsa_key.
[   23.406129] cloud-init[946]: Your public key has been saved in /etc/ssh/ssh_host_ecdsa_key.pub.
[   23.406277] cloud-init[946]: The key fingerprint is:
[   23.406422] cloud-init[946]: SHA256:g27EKPNLoIMvSxg2TEo91vFTwhlvsn33vQNQ23qKMRE root@ubuntu-xenial
[   23.406559] cloud-init[946]: The key's randomart image is:
[   23.406699] cloud-init[946]: +---[ECDSA 256]---+
[   23.406843] cloud-init[946]: |     ..oo.       |
[   23.406986] cloud-init[946]: |  . . oo+  E .   |
[[0;32m  OK  [0m] Started Timer to automatically refresh installed snaps.
[   23.407118] cloud-init[946]: | o + . + o  o o  |
[   23.701795] cloud-init[946]: |= . .o .*  o . . |
[   23.701897] cloud-init[946]: |o++ . +.S. .o..  |
[   23.702036] cloud-init[946]: |+o.= o   ..o.o...|
[   23.702175] cloud-init[946]: |=.  o o     + +..|
[   23.702640] cloud-init[946]: |oo . o     . . ..|
[   23.702774] cloud-init[946]: |.o. .          ..|
[   23.702914] cloud-init[946]: +----[SHA256]-----+
[   23.703055] cloud-init[946]: Generating public/private ed25519 key pair.
[   23.703195] cloud-init[946]: Your identification has been saved in /etc/ssh/ssh_host_ed25519_key.
[   23.703337] cloud-init[946]: Your public key has been saved in /etc/ssh/ssh_host_ed25519_key.pub.
[   23.703486] cloud-init[946]: The key fingerprint is:
[   23.703620] cloud-init[946]: SHA256:ZVRXSRxYsXbJN2ctlmdPy/MANf8ZcBbK+eC8pKnMHsk root@ubuntu-xenial
[   23.703760] cloud-init[946]: The key's randomart image is:
[   23.703902] cloud-init[946]: +--[ED25519 256]--+
[   23.704206] cloud-init[946]: |          ....OX*|
[   23.704340] cloud-init[946]: |         .  .+B*+|
[   23.704478] cloud-init[946]: |          o .=+B@|
[   23.704619] cloud-init[946]: |         o  oo=*@|
[   23.704760] cloud-init[946]: |        S    +.*o|
[   23.704901] cloud-init[946]: |        . . + ..o|
[   23.705041] cloud-init[946]: |         E o .  .|
[   23.705183] cloud-init[946]: |        o o      |
[   23.705329] cloud-init[946]: |        .=       |
[   23.705468] cloud-init[946]: +----[SHA256]-----+
[[0;32m  OK  [0m] Listening on ACPID Listen Socket.
[[0;32m  OK  [0m] Listening on UUID daemon activation socket.
[[0;32m  OK  [0m] Started Daily apt download activities.
[[0;32m  OK  [0m] Started Daily apt upgrade and clean activities.
[[0;32m  OK  [0m] Started Daily Cleanup of Temporary Directories.
[[0;32m  OK  [0m] Started Timer to automatically fetch and run repair assertions.
[[0;32m  OK  [0m] Reached target Timers.
[[0;32m  OK  [0m] Reached target Cloud-config availability.
[[0;32m  OK  [0m] Listening on LXD - unix socket.
[[0;32m  OK  [0m] Listening on Socket activation for snappy daemon.
[[0;32m  OK  [0m] Started iSCSI initiator daemon (iscsid).
         Starting Login to default iSCSI targets...
[[0;32m  OK  [0m] Reached target Sockets.
[[0;32m  OK  [0m] Reached target Basic System.
         Starting Apply the settings specified in cloud-config...
[[0;32m  OK  [0m] Started FUSE filesystem for LXC.
[[0;32m  OK  [0m] Started ACPI event daemon.
         Starting /etc/rc.local Compatibility...
         Starting Login Service...
         Starting Pollinate to seed the pseudo random number generator...
         Starting System Logging Service...
         Starting LSB: Record successful boot for GRUB...
[[0;32m  OK  [0m] Started Deferred execution scheduler.
[[0;32m  OK  [0m] Started Unattended Upgrades Shutdown.
[[0;32m  OK  [0m] Started Regular background program processing daemon.
         Starting LSB: MD monitoring daemon...
         Starting Snappy daemon...
[[0;32m  OK  [0m] Started D-Bus System Message Bus.
[   25.115806] cloud-init[1045]: Generating locales (this might take a while)...
         Starting Accounts Service...
         Starting LXD - container startup/shutdown...
[[0;32m  OK  [0m] Started System Logging Service.
[[0;32m  OK  [0m] Started /etc/rc.local Compatibility.
[[0;32m  OK  [0m] Started Login Service.
[[0;32m  OK  [0m] Started Login to default iSCSI targets.
[[0;32m  OK  [0m] Reached target Remote File Systems (Pre).
[[0;32m  OK  [0m] Reached target Remote File Systems.
         Starting LSB: automatic crash report generation...
         Starting LSB: Set the CPU Frequency Scaling governor to "ondemand"...
         Starting Permit User Sessions...
         Starting LSB: daemon to balance interrupts for SMP systems...
         Starting LSB: VirtualBox Linux Additions...
[[0;32m  OK  [0m] Started LSB: Record successful boot for GRUB.
[[0;32m  OK  [0m] Started LSB: MD monitoring daemon.
[[0;32m  OK  [0m] Started LSB: Set the CPU Frequency Scaling governor to "ondemand".
[[0;32m  OK  [0m] Started Permit User Sessions.
         Starting Hold until boot process finishes up...
         Starting Terminate Plymouth Boot Screen...
[[0;32m  OK  [0m] Started Hold until boot process finishes up.
[[0;32m  OK  [0m] Started Terminate Plymouth Boot Screen.
         Starting Set console scheme...
[[0;32m  OK  [0m] Started Getty on tty1.
[[0;32m  OK  [0m] Started Serial Getty on ttyS0.
[[0;32m  OK  [0m] Reached target Login Prompts.
[[0;32m  OK  [0m] Started Set console scheme.
[[0;32m  OK  [0m] Started LSB: daemon to balance interrupts for SMP systems.
[[0;32m  OK  [0m] Started LSB: automatic crash report generation.
[[0;32m  OK  [0m] Started LSB: VirtualBox Linux Additions.
         Starting Authenticate and Authorize Users to Run Privileged Tasks...
[[0;32m  OK  [0m] Started Authenticate and Authorize Users to Run Privileged Tasks.
[[0;32m  OK  [0m] Started Accounts Service.
[   27.950856] cloud-init[1045]:   en_US.UTF-8... done
[   27.974079] cloud-init[1045]: Generation complete.
[[0;32m  OK  [0m] Started Snappy daemon.
         Starting Auto import assertions from block devices...
[[0;32m  OK  [0m] Started Auto import assertions from block devices.
[[0;32m  OK  [0m] Started Pollinate to seed the pseudo random number generator.
         Starting OpenBSD Secure Shell server...
[[0;32m  OK  [0m] Started OpenBSD Secure Shell server.
[[0;32m  OK  [0m] Started LXD - container startup/shutdown.
[[0;32m  OK  [0m] Reached target Multi-User System.
[[0;32m  OK  [0m] Reached target Graphical Interface.
         Starting Update UTMP about System Runlevel Changes...
[[0;32m  OK  [0m] Started Update UTMP about System Runlevel Changes.
         Stopping OpenBSD Secure Shell server...
[[0;32m  OK  [0m] Stopped OpenBSD Secure Shell server.
         Starting OpenBSD Secure Shell server...
[[0;32m  OK  [0m] Started OpenBSD Secure Shell server.
[[0;32m  OK  [0m] Created slice User Slice of ubuntu.
         Starting User Manager for UID 1000...
[[0;32m  OK  [0m] Started Session 1 of user ubuntu.
[[0;32m  OK  [0m] Started User Manager for UID 1000.
[   31.513112] cloud-init[1045]: Cloud-init v. 0.7.9 running 'modules:config' at Mon, 20 Nov 2017 13:09:12 +0000. Up 24.28 seconds.
ci-info: no authorized ssh keys fingerprints found for user ubuntu.
<14>Nov 20 13:09:20 ec2: 
<14>Nov 20 13:09:20 ec2: #############################################################
<14>Nov 20 13:09:20 ec2: -----BEGIN SSH HOST KEY FINGERPRINTS-----
<14>Nov 20 13:09:20 ec2: 1024 SHA256:uBwV+kzTSQ2KhJSdyzZx53CEZHSpsIXysqCSjUBylD0 root@ubuntu-xenial (DSA)
<14>Nov 20 13:09:20 ec2: 256 SHA256:g27EKPNLoIMvSxg2TEo91vFTwhlvsn33vQNQ23qKMRE root@ubuntu-xenial (ECDSA)
<14>Nov 20 13:09:20 ec2: 256 SHA256:ZVRXSRxYsXbJN2ctlmdPy/MANf8ZcBbK+eC8pKnMHsk root@ubuntu-xenial (ED25519)
<14>Nov 20 13:09:20 ec2: 2048 SHA256:NLmzgnK2Do3KVICf4TzNsR7B5L2NNcsqAOWBw40zd94 root@ubuntu-xenial (RSA)
<14>Nov 20 13:09:20 ec2: -----END SSH HOST KEY FINGERPRINTS-----
<14>Nov 20 13:09:20 ec2: #############################################################
-----BEGIN SSH HOST KEY KEYS-----
ecdsa-sha2-nistp256 AAAAE2VjZHNhLXNoYTItbmlzdHAyNTYAAAAIbmlzdHAyNTYAAABBBAwxd4szXZb3tk5A1OSrI9tCbNl3UogaQ1Pf2GvrN+LF9JKw7+LusenmGAwlb6xgKVOj8Dsv3Pq/X+Vo7xn8Sek= root@ubuntu-xenial
ssh-ed25519 AAAAC3NzaC1lZDI1NTE5AAAAIInfV+y1eU39EYcpYTIs59S8CEiZmXKnBKOVW/Yy2ZXA root@ubuntu-xenial
ssh-rsa AAAAB3NzaC1yc2EAAAADAQABAAABAQDSE5QSL5mCuiyHm0Y9KZPYp3tje/EWQ9Co5wdqDV2gqDWCZ1Ld138LrbjTnV0ZqFtQwrr6+3sJm/RW08JjsxF9BDJPqHV4bHq9VSRrKoGahBFeQ70RzXAqdQLJkxflRXGqNstaPZbbMd0YkuMnOtweLLaNg2Aso7jpCgUMgIaadql4xIWT8VHwT+ssDnTd4xVldL///M6NvlgrYLZcyeIESUnVDVUqmUzBj27WVrSqFHOLjQMTFUW3JgDln32izPVmHaegrzbPADR7uz73vLdXCwYn+a+/X0U7blMTDOyUZkxisIJYFpQSkf4ae1i5gjEOX1SojX3WKK9E0rzTPMkx root@ubuntu-xenial
-----END SSH HOST KEY KEYS-----
[   32.066102] cloud-init[1404]: Cloud-init v. 0.7.9 running 'modules:final' at Mon, 20 Nov 2017 13:09:19 +0000. Up 31.83 seconds.
[   32.066359] cloud-init[1404]: ci-info: no authorized ssh keys fingerprints found for user ubuntu.
[   32.066549] cloud-init[1404]: Cloud-init v. 0.7.9 finished at Mon, 20 Nov 2017 13:09:20 +0000. Datasource DataSourceNoCloud [seed=/dev/sdb][dsmode=net].  Up 32.05 seconds

Ubuntu 16.04.3 LTS ubuntu-xenial ttyS0

ubuntu-xenial login: 