[    0.000000] Initializing cgroup subsys cpuset
[    0.000000] Initializing cgroup subsys cpu
[    0.000000] Initializing cgroup subsys cpuacct
[    0.000000] Linux version 4.4.0-97-generic (buildd@lcy01-33) (gcc version 5.4.0 20160609 (Ubuntu 5.4.0-6ubuntu1~16.04.4) ) #120-Ubuntu SMP Tue Sep 19 17:28:18 UTC 2017 (Ubuntu 4.4.0-97.120-generic 4.4.87)
[    0.000000] Command line: BOOT_IMAGE=/boot/vmlinuz-4.4.0-97-generic root=LABEL=cloudimg-rootfs ro console=tty1 console=ttyS0
[    0.000000] KERNEL supported cpus:
[    0.000000]   Intel GenuineIntel
[    0.000000]   AMD AuthenticAMD
[    0.000000]   Centaur CentaurHauls
[    0.000000] x86/fpu: xstate_offset[2]:  576, xstate_sizes[2]:  256
[    0.000000] x86/fpu: Supporting XSAVE feature 0x01: 'x87 floating point registers'
[    0.000000] x86/fpu: Supporting XSAVE feature 0x02: 'SSE registers'
[    0.000000] x86/fpu: Supporting XSAVE feature 0x04: 'AVX registers'
[    0.000000] x86/fpu: Enabled xstate features 0x7, context size is 832 bytes, using 'standard' format.
[    0.000000] x86/fpu: Using 'lazy' FPU context switches.
[    0.000000] e820: BIOS-provided physical RAM map:
[    0.000000] BIOS-e820: [mem 0x0000000000000000-0x000000000009fbff] usable
[    0.000000] BIOS-e820: [mem 0x000000000009fc00-0x000000000009ffff] reserved
[    0.000000] BIOS-e820: [mem 0x00000000000f0000-0x00000000000fffff] reserved
[    0.000000] BIOS-e820: [mem 0x0000000000100000-0x000000001ffeffff] usable
[    0.000000] BIOS-e820: [mem 0x000000001fff0000-0x000000001fffffff] ACPI data
[    0.000000] BIOS-e820: [mem 0x00000000fffc0000-0x00000000ffffffff] reserved
[    0.000000] NX (Execute Disable) protection: active
[    0.000000] SMBIOS 2.5 present.
[    0.000000] Hypervisor detected: KVM
[    0.000000] e820: last_pfn = 0x1fff0 max_arch_pfn = 0x400000000
[    0.000000] MTRR: Disabled
[    0.000000] x86/PAT: MTRRs disabled, skipping PAT initialization too.
[    0.000000] CPU MTRRs all blank - virtualized system.
[    0.000000] x86/PAT: Configuration [0-7]: WB  WT  UC- UC  WB  WT  UC- UC  
[    0.000000] found SMP MP-table at [mem 0x0009fff0-0x0009ffff] mapped at [ffff88000009fff0]
[    0.000000] Scanning 1 areas for low memory corruption
[    0.000000] RAMDISK: [mem 0x1ed71000-0x1f7fafff]
[    0.000000] ACPI: Early table checksum verification disabled
[    0.000000] ACPI: RSDP 0x00000000000E0000 000024 (v02 VBOX  )
[    0.000000] ACPI: XSDT 0x000000001FFF0030 00003C (v01 VBOX   VBOXXSDT 00000001 ASL  00000061)
[    0.000000] ACPI: FACP 0x000000001FFF00F0 0000F4 (v04 VBOX   VBOXFACP 00000001 ASL  00000061)
[    0.000000] ACPI: DSDT 0x000000001FFF0470 002118 (v01 VBOX   VBOXBIOS 00000002 INTL 20160108)
[    0.000000] ACPI: FACS 0x000000001FFF0200 000040
[    0.000000] ACPI: FACS 0x000000001FFF0200 000040
[    0.000000] ACPI: APIC 0x000000001FFF0240 00005C (v02 VBOX   VBOXAPIC 00000001 ASL  00000061)
[    0.000000] ACPI: SSDT 0x000000001FFF02A0 0001CC (v01 VBOX   VBOXCPUT 00000002 INTL 20160108)
[    0.000000] No NUMA configuration found
[    0.000000] Faking a node at [mem 0x0000000000000000-0x000000001ffeffff]
[    0.000000] NODE_DATA(0) allocated [mem 0x1ffeb000-0x1ffeffff]
[    0.000000] kvm-clock: Using msrs 4b564d01 and 4b564d00
[    0.000000] kvm-clock: cpu 0, msr 0:1ffe3001, primary cpu clock
[    0.000000] kvm-clock: using sched offset of 3292018706 cycles
[    0.000000] clocksource: kvm-clock: mask: 0xffffffffffffffff max_cycles: 0x1cd42e4dffb, max_idle_ns: 881590591483 ns
[    0.000000] Zone ranges:
[    0.000000]   DMA      [mem 0x0000000000001000-0x0000000000ffffff]
[    0.000000]   DMA32    [mem 0x0000000001000000-0x000000001ffeffff]
[    0.000000]   Normal   empty
[    0.000000]   Device   empty
[    0.000000] Movable zone start for each node
[    0.000000] Early memory node ranges
[    0.000000]   node   0: [mem 0x0000000000001000-0x000000000009efff]
[    0.000000]   node   0: [mem 0x0000000000100000-0x000000001ffeffff]
[    0.000000] Initmem setup node 0 [mem 0x0000000000001000-0x000000001ffeffff]
[    0.000000] ACPI: PM-Timer IO Port: 0x4008
[    0.000000] IOAPIC[0]: apic_id 2, version 17, address 0xfec00000, GSI 0-23
[    0.000000] ACPI: INT_SRC_OVR (bus 0 bus_irq 0 global_irq 2 dfl dfl)
[    0.000000] ACPI: INT_SRC_OVR (bus 0 bus_irq 9 global_irq 9 high level)
[    0.000000] Using ACPI (MADT) for SMP configuration information
[    0.000000] smpboot: Allowing 2 CPUs, 0 hotplug CPUs
[    0.000000] PM: Registered nosave memory: [mem 0x00000000-0x00000fff]
[    0.000000] PM: Registered nosave memory: [mem 0x0009f000-0x0009ffff]
[    0.000000] PM: Registered nosave memory: [mem 0x000a0000-0x000effff]
[    0.000000] PM: Registered nosave memory: [mem 0x000f0000-0x000fffff]
[    0.000000] e820: [mem 0x20000000-0xfffbffff] available for PCI devices
[    0.000000] Booting paravirtualized kernel on KVM
[    0.000000] clocksource: refined-jiffies: mask: 0xffffffff max_cycles: 0xffffffff, max_idle_ns: 7645519600211568 ns
[    0.000000] setup_percpu: NR_CPUS:512 nr_cpumask_bits:512 nr_cpu_ids:2 nr_node_ids:1
[    0.000000] PERCPU: Embedded 34 pages/cpu @ffff88001fc00000 s98328 r8192 d32744 u1048576
[    0.000000] PV qspinlock hash table entries: 256 (order: 0, 4096 bytes)
[    0.000000] Built 1 zonelists in Node order, mobility grouping on.  Total pages: 128889
[    0.000000] Policy zone: DMA32
[    0.000000] Kernel command line: BOOT_IMAGE=/boot/vmlinuz-4.4.0-97-generic root=LABEL=cloudimg-rootfs ro console=tty1 console=ttyS0
[    0.000000] PID hash table entries: 2048 (order: 2, 16384 bytes)
[    0.000000] Memory: 485692K/523832K available (8480K kernel code, 1294K rwdata, 3984K rodata, 1492K init, 1316K bss, 38140K reserved, 0K cma-reserved)
[    0.000000] SLUB: HWalign=64, Order=0-3, MinObjects=0, CPUs=2, Nodes=1
[    0.000000] Hierarchical RCU implementation.
[    0.000000] 	Build-time adjustment of leaf fanout to 64.
[    0.000000] 	RCU restricting CPUs from NR_CPUS=512 to nr_cpu_ids=2.
[    0.000000] RCU: Adjusting geometry for rcu_fanout_leaf=64, nr_cpu_ids=2
[    0.000000] NR_IRQS:33024 nr_irqs:440 16
[    0.000000] Console: colour VGA+ 80x25
[    0.000000] console [tty1] enabled
[    0.000000] console [ttyS0] enabled
[    0.000000] tsc: Detected 2394.456 MHz processor
[    0.214280] Calibrating delay loop (skipped) preset value.. 4788.91 BogoMIPS (lpj=9577824)
[    0.215717] pid_max: default: 32768 minimum: 301
[    0.216482] ACPI: Core revision 20150930
[    0.218161] ACPI: 2 ACPI AML tables successfully acquired and loaded
[    0.219257] Security Framework initialized
[    0.222305] Yama: becoming mindful.
[    0.222969] AppArmor: AppArmor initialized
[    0.223729] Dentry cache hash table entries: 65536 (order: 7, 524288 bytes)
[    0.224834] Inode-cache hash table entries: 32768 (order: 6, 262144 bytes)
[    0.225898] Mount-cache hash table entries: 1024 (order: 1, 8192 bytes)
[    0.234669] Mountpoint-cache hash table entries: 1024 (order: 1, 8192 bytes)
[    0.235856] Initializing cgroup subsys io
[    0.236565] Initializing cgroup subsys memory
[    0.237306] Initializing cgroup subsys devices
[    0.238063] Initializing cgroup subsys freezer
[    0.238811] Initializing cgroup subsys net_cls
[    0.239555] Initializing cgroup subsys perf_event
[    0.240328] Initializing cgroup subsys net_prio
[    0.241083] Initializing cgroup subsys hugetlb
[    0.241836] Initializing cgroup subsys pids
[    0.242625] CPU: Physical Processor ID: 0
[    0.270158] CPU: Processor Core ID: 0
[    0.292549] mce: CPU supports 0 MCE banks
[    0.293269] Last level iTLB entries: 4KB 1024, 2MB 1024, 4MB 1024
[    0.294203] Last level dTLB entries: 4KB 1024, 2MB 1024, 4MB 1024, 1GB 4
[    0.296975] Freeing SMP alternatives memory: 32K
[    0.305397] ftrace: allocating 32148 entries in 126 pages
[    0.342894] smpboot: APIC(0) Converting physical 0 to logical package 0
[    0.430560] smpboot: Max logical packages: 1
[    0.485274] ..TIMER: vector=0x30 apic1=0 pin1=2 apic2=-1 pin2=-1
[    0.701746] smpboot: CPU0: Intel(R) Core(TM) i7-4500U CPU @ 1.80GHz (family: 0x6, model: 0x45, stepping: 0x1)
[    0.765007] Performance Events: unsupported p6 CPU model 69 no PMU driver, software events only.
[    0.922429] KVM setup paravirtual spinlock
[    0.985851] x86: Booting SMP configuration:
[    1.054184] .... node  #0, CPUs:      #1
[    1.055046] kvm-clock: cpu 1, msr 0:1ffe3041, secondary cpu clock
[    1.063960] mce: CPU supports 0 MCE banks
[    1.066667] x86: Booted up 1 node, 2 CPUs
[    1.095598] smpboot: Total of 2 processors activated (9577.82 BogoMIPS)
[    1.096891] devtmpfs: initialized
[    1.099405] evm: security.selinux
[    1.106689] evm: security.SMACK64
[    1.107334] evm: security.SMACK64EXEC
[    1.107989] evm: security.SMACK64TRANSMUTE
[    1.108693] evm: security.SMACK64MMAP
[    1.109351] evm: security.ima
[    1.109934] evm: security.capability
[    1.110827] clocksource: jiffies: mask: 0xffffffff max_cycles: 0xffffffff, max_idle_ns: 7645041785100000 ns
[    1.112372] futex hash table entries: 512 (order: 3, 32768 bytes)
[    1.113444] pinctrl core: initialized pinctrl subsystem
[    1.114409] RTC time: 11:30:52, date: 10/16/17
[    1.115350] NET: Registered protocol family 16
[    1.126319] cpuidle: using governor ladder
[    1.186243] cpuidle: using governor menu
[    1.251796] PCCT header not found.
[    1.302253] ACPI: bus type PCI registered
[    1.371442] acpiphp: ACPI Hot Plug PCI Controller Driver version: 0.5
[    1.479521] PCI: Using configuration type 1 for base access
[    1.547450] ACPI: Added _OSI(Module Device)
[    1.599397] ACPI: Added _OSI(Processor Device)
[    1.615557] ACPI: Added _OSI(3.0 _SCP Extensions)
[    1.690496] ACPI: Added _OSI(Processor Aggregator Device)
[    1.700487] ACPI: Executed 1 blocks of module-level executable AML code
[    1.703376] ACPI: Interpreter enabled
[    1.704087] ACPI: (supports S0 S5)
[    1.735489] ACPI: Using IOAPIC for interrupt routing
[    1.736442] PCI: Using host bridge windows from ACPI; if necessary, use "pci=nocrs" and report a bug
[    1.741048] ACPI: PCI Root Bridge [PCI0] (domain 0000 [bus 00-ff])
[    1.742003] acpi PNP0A03:00: _OSC: OS supports [ASPM ClockPM Segments MSI]
[    1.743023] acpi PNP0A03:00: _OSC failed (AE_NOT_FOUND); disabling ASPM
[    1.744043] acpi PNP0A03:00: fail to add MMCONFIG information, can't access extended PCI configuration space under this bridge.
[    1.745981] PCI host bridge to bus 0000:00
[    1.746699] pci_bus 0000:00: root bus resource [io  0x0000-0x0cf7 window]
[    1.747712] pci_bus 0000:00: root bus resource [io  0x0d00-0xffff window]
[    1.748709] pci_bus 0000:00: root bus resource [mem 0x000a0000-0x000bffff window]
[    1.749999] pci_bus 0000:00: root bus resource [mem 0x20000000-0xffdfffff window]
[    1.751297] pci_bus 0000:00: root bus resource [bus 00-ff]
[    1.753375] pci 0000:00:01.1: legacy IDE quirk: reg 0x10: [io  0x01f0-0x01f7]
[    1.814079] pci 0000:00:01.1: legacy IDE quirk: reg 0x14: [io  0x03f6]
[    1.867986] pci 0000:00:01.1: legacy IDE quirk: reg 0x18: [io  0x0170-0x0177]
[    1.869023] pci 0000:00:01.1: legacy IDE quirk: reg 0x1c: [io  0x0376]
[    1.892068] ACPI: PCI Interrupt Link [LNKA] (IRQs 5 9 10 11) *0, disabled.
[    1.987203] ACPI: PCI Interrupt Link [LNKB] (IRQs 5 9 10 *11)
[    2.074121] ACPI: PCI Interrupt Link [LNKC] (IRQs 5 9 *10 11)
[    2.124342] ACPI: PCI Interrupt Link [LNKD] (IRQs 5 *9 10 11)
[    2.150798] ACPI: Enabled 2 GPEs in block 00 to 07
[    2.163057] vgaarb: setting as boot device: PCI:0000:00:02.0
[    2.223205] vgaarb: device added: PCI:0000:00:02.0,decodes=io+mem,owns=io+mem,locks=none
[    2.319611] vgaarb: loaded
[    2.372524] vgaarb: bridge control possible 0000:00:02.0
[    2.434479] SCSI subsystem initialized
[    2.435340] ACPI: bus type USB registered
[    2.436065] usbcore: registered new interface driver usbfs
[    2.436926] usbcore: registered new interface driver hub
[    2.437781] usbcore: registered new device driver usb
[    2.438821] PCI: Using ACPI for IRQ routing
[    2.443017] NetLabel: Initializing
[    2.443653] NetLabel:  domain hash size = 128
[    2.446758] NetLabel:  protocols = UNLABELED CIPSOv4
[    2.452826] NetLabel:  unlabeled traffic allowed by default
[    2.453779] amd_nb: Cannot enumerate AMD northbridges
[    2.454636] clocksource: Switched to clocksource kvm-clock
[    2.465733] AppArmor: AppArmor Filesystem Enabled
[    2.514475] pnp: PnP ACPI init
[    2.515766] pnp: PnP ACPI: found 3 devices
[   5271clcksource: acpi_pm: mask: 0xffffff max_cycles: 0xffffff, max_idle_ns: 2085701024 ns
[    2.774944] NET: Registered protocol family 2
[    2.775831] TCP established hash table entries: 4096 (order: 3, 32768 bytes)
[    2.779683] TCP bind hash table entries: 4096 (order: 4, 65536 bytes)
[    2.780652] TCP: Hash tables configured (established 4096 bind 4096)
[    2.781617] UDP hash table entries: 256 (order: 1, 8192 bytes)
[    2.782574] UDP-Lite hash table entries: 256 (order: 1, 8192 bytes)
[    2.783578] NET: Registered protocol family 1
[    2.784326] pci 0000:00:00.0: Limiting direct PCI/PCI transfers
[    2.785241] pci 0000:00:01.0: Activating ISA DMA hang workarounds
[    2.786267] Unpacking initramfs...
[    4.480279] Freeing initrd memory: 10792K
[    4.523100] RAPL PMU detected, API unit is 2^-32 Joules, 4 fixed counters 10737418240 ms ovfl timer
[    4.636482] hw unit of domain pp0-core 2^-0 Joules
[    4.667271] hw unit of domain package 2^-0 Joules
[    4.668045] hw unit of domain dram 2^-0 Joules
[    4.668787] hw unit of domain pp1-gpu 2^-0 Joules
[    4.669648] platform rtc_cmos: registered platform RTC device (no PNP device found)
[    4.671049] Scanning for low memory corruption every 60 seconds
[    4.672332] audit: initializing netlink subsys (disabled)
[    4.673206] audit: type=2000 audit(1508153458.896:1): initialized

[    4.696218] Initialseysm usd yrg
[    5.053505] HugeTLB registered 2 MB page size, pre-allocated 0 pages
[    5.065007] zbud: loaded
[    5.065850] VFS: Disk quotas dquot_6.6.0
[    5.066582] VFS: Dquot-cache hash table entries: 512 (order 0, 4096 bytes)
[    5.067903] squashfs: version 4.0 (2009/01/31) Phillip Lougher
[    5.069121] fuse init (API version 7.23)
[    5.069952] Key type big_key registered
[    5.070691] Allocating IMA MOK and blacklist keyrings.
[    5.072764] Key type asymmetric registered
[    5.073574] Asymmetric key parser 'x509' registered
[    5.074436] Block layer SCSI generic (bsg) driver version 0.4 loaded (major 249)
[    5.108536] io scheduler noop registered
[    5.114305] io scheduler deadline registered (default)
[    5.115191] io scheduler cfq registered
[    5.115971] pci_hotplug: PCI Hot Plug PCI Core version: 0.5
[    5.116846] pciehp: PCI Express Hot Plug Controller Driver version: 0.4
[    5.117935] ACPI: AC Adapter [AC] (on-line)
[    5.118721] input: Power Button as /devices/LNXSYSTM:00/LNXPWRBN:00/input/input0
[    5.120002] ACPI: Power Button [PWRF]
[    5.120713] input: Sleep Button as /devices/LNXSYSTM:00/LNXSLPBN:00/input/input1
[    5.121989] ACPI: Sleep Button [SLPF]
[    5.122862] GHES: HEST is not enabled!
[    5.123421] ACPI: Battery Slot [BAT0] (battery present)
[    5.135237] Serial: 8250/16550 driver, 32 ports, IRQ sharing enabled
[    5.157652] 00:02: ttyS0 at I/O 0x3f8 (irq = 4, base_baud = 115200) is a 16550A
[    5.202038] Linux agpgart interface v0.103
[    5.204378] loop: module loaded
[    5.207834] scsi host0: ata_piix
[    5.211430] scsi host1: ata_piix
[    5.212079] ata1: PATA max UDMA/33 cmd 0x1f0 ctl 0x3f6 bmdma 0xd000 irq 14
[    5.213084] ata2: PATA max UDMA/33 cmd 0x170 ctl 0x376 bmdma 0xd008 irq 15
[    5.214577] libphy: Fixed MDIO Bus: probed
[    5.215337] tun: Universal TUN/TAP device driver, 1.6
[    5.216145] tun: (C) 1999-2004 Max Krasnyansky <maxk@qualcomm.com>
[    5.217112] PPP generic driver version 2.4.2
[    5.217896] ehci_hcd: USB 2.0 'Enhanced' Host Controller (EHCI) Driver
[    5.218916] ehci-pci: EHCI PCI platform driver
[    5.223406] ehci-platform: EHCI generic platform driver
[    5.224247] ohci_hcd: USB 1.1 'Open' Host Controller (OHCI) Driver
[    5.239521] ohci-pci: OHCI PCI platform driver
[    5.267047] ohci-platform: OHCI generic platform driver
[    5.291353] uhci_hcd: USB Universal Host Controller Interface driver
[    5.292379] i8042: PNP: PS/2 Controller [PNP0303:PS2K,PNP0f03:PS2M] at 0x60,0x64 irq 1,12
[    5.294219] serio: i8042 KBD port at 0x60,0x64 irq 1
[    5.295064] serio: i8042 AUX port at 0x60,0x64 irq 12
[    5.332487] mousedev: PS/2 mouse device common for all mice
[    5.343510] input: AT Translated Set 2 keyboard as /devices/platform/i8042/serio0/input/input2
[    5.345264] rtc_cmos rtc_cmos: rtc core: registered rtc_cmos as rtc0
[    5.360234] rtc_cmos rtc_cmos: alarms up to one day, 114 bytes nvram
[    5.424400] i2c /dev entries driver
[    5.427388] device-mapper: uevent: version 1.0.3
[    5.428230] device-mapper: ioctl: 4.34.0-ioctl (2015-10-28) initialised: dm-devel@redhat.com
[    5.429638] ledtrig-cpu: registered to indicate activity on CPUs
[    5.431025] NET: Registered protocol family 10
[    5.472777] NET: Registered protocol family 17
[    5.475132] Key type dns_resolver registered
[    5.476122] microcode: CPU0 sig=0x40651, pf=0x40, revision=0x0
[    5.480206] microcode: CPU1 sig=0x40651, pf=0x40, revision=0x0
[    5.489995] microcode: Microcode Update Driver: v2.01 <tigran@aivazian.fsnet.co.uk>, Peter Oruba
[    5.559691] registered taskstats version 1
[    5.560427] Loading compiled-in X.509 certificates
[    5.561889] Loaded X.509 cert 'Build time autogenerated kernel key: d1010f9627fd9242df4b03365d2931dfd1ad3d42'
[    5.563508] zswap: loaded using pool lzo/zbud
[    5.567563] Key type trusted registered
[    5.578415] Key type encrypted registered
[    5.627089] AppArmor: AppArmor sha1 policy hashing enabled
[    5.704170] tsc: Refined TSC clocksource calibration: 2394.740 MHz
[    5.711506] clocksource: tsc: mask: 0xffffffffffffffff max_cycles: 0x2284ceb0215, max_idle_ns: 440795292564 ns
[    5.711535] ima: No TPM chip found, activating TPM-bypass!
[    5.711565] evm: HMAC attrs: 0x1
[    5.711898]   Magic number: 5:869:529
[    5.713108] rtc_cmos rtc_cmos: setting system clock to 2017-10-16 11:30:57 UTC (1508153457)
[    5.713208] BIOS EDD facility v0.16 2004-Jun-25, 0 devices found
[    5.713209] EDD information not available.
[    5.719555] Freeing unused kernel memory: 1492K
[    5.724486] Write protecting the kernel read-only data: 14336k
[    5.726105] Freeing unused kernel memory: 1748K
[    5.727258] Freeing unused kernel memory: 112K
Loading, please wait...
starting version[    5.742640] random: systemd-udevd: uninitialized urandom read (16 bytes read, 2 bits of entropy available)
 229
[    5.743329] random: udevadm: uninitialized urandom read (16 bytes read, 2 bits of entropy available)
[    5.743364] random: udevadm: uninitialized urandom read (16 bytes read, 2 bits of entropy available)
[    5.743476] random: udevadm: uninitialized urandom read (16 bytes read, 2 bits of entropy available)
[    5.743516] random: udevadm: uninitialized urandom read (16 bytes read, 2 bits of entropy available)
[    5.743553] random: udevadm: uninitialized urandom read (16 bytes read, 2 bits of entropy available)
[    5.743592] random: udevadm: uninitialized urandom read (16 bytes read, 2 bits of entropy available)
[    5.743628] random: udevadm: uninitialized urandom read (16 bytes read, 2 bits of entropy available)
[    5.743663] random: udevadm: uninitialized urandom read (16 bytes read, 2 bits of entropy available)
[    5.743697] random: udevadm: uninitialized urandom read (16 bytes read, 2 bits of entropy available)
[    5.777282] e1000: Intel(R) PRO/1000 Network Driver - version 7.3.21-k8-NAPI
[    5.794809] e1000: Copyright (c) 1999-2006 Intel Corporation.
[    5.806713] Fusion MPT base driver 3.04.20
[    5.824438] Copyright (c) 1999-2008 LSI Corporation
[    5.834523] Fusion MPT SPI Host driver 3.04.20
[    5.865299] AVX version of gcm_enc/dec engaged.
[    5.882920] AES CTR mode by8 optimization enabled
[    6.004116] input: ImExPS/2 Generic Explorer Mouse as /devices/platform/i8042/serio1/input/input4
[    6.183340] e1000 0000:00:03.0 eth0: (PCI:33MHz:32-bit) 02:14:68:3e:84:47
[    6.194909] e1000 0000:00:03.0 eth0: Intel(R) PRO/1000 Network Connection
[    6.196667] mptbase: ioc0: Initiating bringup
[    6.259033] ioc0: LSI53C1030 A0: Capabilities={Initiator}
[    6.429829] scsi host2: ioc0: LSI53C1030 A0, FwRev=00000000h, Ports=1, MaxQ=256, IRQ=20
[    6.543094] scsi 2:0:0:0: Direct-Access     VBOX     HARDDISK         1.0  PQ: 0 ANSI: 5
[    6.545813] scsi target2:0:0: Beginning Domain Validation
[    6.547431] scsi target2:0:0: Domain Validation skipping write tests
[    6.548507] scsi target2:0:0: Ending Domain Validation
[    6.549464] scsi target2:0:0: asynchronous
[    6.550693] scsi 2:0:1:0: Direct-Access     VBOX     HARDDISK         1.0  PQ: 0 ANSI: 5
[    6.572916] scsi target2:0:1: Beginning Domain Validation
[    6.575601] scsi target2:0:1: Domain Validation skipping write tests
[    6.597899] scsi target2:0:1: Ending Domain Validation
[    6.599015] scsi target2:0:1: asynchronous
[    6.615502] sd 2:0:0:0: Attached scsi generic sg0 type 0
[    6.618035] sd 2:0:1:0: Attached scsi generic sg1 type 0
[    6.623823] sd 2:0:1:0: [sdb] 20480 512-byte logical blocks: (10.5 MB/10.0 MiB)
[    6.639425] sd 2:0:0:0: [sda] 20971520 512-byte logical blocks: (10.7 GB/10.0 GiB)
[    6.642258] sd 2:0:0:0: [sda] Write Protect is off
[    6.643359] sd 2:0:1:0: [sdb] Write Protect is off
[    6.645158] sd 2:0:0:0: [sda] Incomplete mode parameter data
[    6.646896] sd 2:0:0:0: [sda] Assuming drive cache: write through
[    6.648385] sd 2:0:1:0: [sdb] Incomplete mode parameter data
[    6.649516] sd 2:0:1:0: [sdb] Assuming drive cache: write through
[    6.673037]  sda: sda1
[    6.675408] sd 2:0:0:0: [sda] Attached SCSI disk
[    6.699298] sd 2:0:1:0: [sdb] Attached SCSI disk
[    6.897742] e1000 0000:00:08.0 eth1: (PCI:33MHz:32-bit) 08:00:27:66:63:e6
[    6.924624] e1000 0000:00:08.0 eth1: Intel(R) PRO/1000 Network Connection
[    6.926390] e1000 0000:00:03.0 enp0s3: renamed from eth0
[    6.943960] e1000 0000:00:08.0 enp0s8: renamed from eth1
[    8.831298] floppy0: no floppy controllers found
Begin: Loading e[   10.213117] md: linear personality registered for level -1
ssential drivers ... [   10.267689] md: multipath personality registered for level -4
[   10.272719] md: raid0 personality registered for level 0
[   10.277708] md: raid1 personality registered for level 1
[   10.353769] raid6: sse2x1   gen()  9743 MB/s
[   10.433751] raid6: sse2x1   xor()  7586 MB/s
[   10.503772] raid6: sse2x2   gen() 12062 MB/s
[   10.573754] raid6: sse2x2   xor()  8100 MB/s
[   10.651231] raid6: sse2x4   gen() 13738 MB/s
[   10.718693] raid6: sse2x4   xor()  9541 MB/s
[   10.724483] raid6: using algorithm sse2x4 gen() 13738 MB/s
[   10.725385] raid6: .... xor() 9541 MB/s, rmw enabled
[   10.726286] raid6: using ssse3x2 recovery algorithm
[   10.728866] xor: automatically using best checksumming function:
[   10.830672]    avx       : 15377.000 MB/sec
[   10.841048] async_tx: api initialized (async)
[   10.872579] md: raid6 personality registered for level 6
[   10.934477] md: raid5 personality registered for level 5
[   10.935367] md: raid4 personality registered for level 4
[   10.941539] md: raid10 personality registered for level 10
done.
Begin: Running /scripts/init-premount ... done.
Begin: Mounting root file system ... Begin: Running /scripts/local-top ... done.
Begin: Running /scripts/local-premount ... [   10.973938] Btrfs loaded
Scanning for Btrfs filesystems
done.
Warning: fsck not present, so skipping root file system
[   11.062755] EXT4-fs (sda1): mounted filesystem with ordered data mode. Opts: (null)
done.
Begin: Running /scripts/local-bottom ... done.
Begin: Running /scripts/init-bottom ... done.
[   11.708449] systemd[1]: systemd 229 running in system mode. (+PAM +AUDIT +SELINUX +IMA +APPARMOR +SMACK +SYSVINIT +UTMP +LIBCRYPTSETUP +GCRYPT +GNUTLS +ACL +XZ -LZ4 +SECCOMP +BLKID +ELFUTILS +KMOD -IDN)
[   11.757444] systemd[1]: Detected virtualization oracle.
[   11.763645] systemd[1]: Detected architecture x86-64.

Welcome to [1mUbuntu 16.04.3 LTS[0m!

[   11.815091] systemd[1]: Set hostname to <ubuntu>.
[ 11.842080] systemd[1]: Initializing machine ID from random generator.
[   11.914354] systemd[1]: Installed transient /etc/machine-id file.
[   12.239137] random: nonblocking pool is initialized
[ 12.759314] systemd[1]: Listening on Journal Socket (/dev/log).
[[0;32m  OK  [0m] Listening on Journal Socket (/dev/log).
[   12.804213] systemd[1]: Started Trigger resolvconf update for networkd DNS.
[[0;32m  OK  [0m] Started Trigger resolvconf update for networkd DNS.
[   12.806410] systemd[1]: Reached target Encrypted Volumes.
[[0;32m  OK  [0m] Reached target Encrypted Volumes.
[   12.808538] systemd[1]: Created slice User and Session Slice.
[[0;32m  OK  [0m] Created slice User and Session Slice.
[   12.810523] systemd[1]: Listening on Syslog Socket.
[[0;32m  OK  [0m] Listening on Syslog Socket.
[   12.812388] systemd[1]: Listening on udev Kernel Socket.
[[0;32m  OK  [0m] Listening on udev Kernel Socket.
[   12.814271] systemd[1]: Listening on Device-mapper event daemon FIFOs.
[[0;32m  OK  [0m] Listening on Device-mapper event daemon FIFOs.
[   12.816437] systemd[1]: Listening on Journal Socket.
[[0;32m  OK  [0m] Listening on Journal Socket.
[   12.818261] systemd[1]: Listening on Journal Audit Socket.
[[0;32m  OK  [0m] Listening on Journal Audit Socket.
[   12.820208] systemd[1]: Listening on LVM2 poll daemon socket.
[[0;32m  OK  [0m] Listening on LVM2 poll daemon socket.
[   12.822190] systemd[1]: Started Forward Password Requests to Wall Directory Watch.
[[0;32m  OK  [0m] Started Forward Password Requests to Wall Directory Watch.
[   12.824773] systemd[1]: Reached target User and Group Name Lookups.
[[0;32m  OK  [0m] Reached target User and Group Name Lookups.
[  12.826855] systemd[1]: Listening on LVM2 metadata daemon socket.
[[0;32m  OK  [0m] Listening on LVM2 metadata daemon socket.
[   12.850130] systemd[1]: Listening on /dev/initctl Compatibility Named Pipe.
[[0;32m  OK  [0m] Listening on /dev/initctl Compatibility Named Pipe.
[   12.852538] systemd[1]: Created slice System Slice.
[[0;32m  OK  [0m] Created slice System Slice.
[   12.854514] systemd[1]: Created slice system-serial\x2dgetty.slice.
[[0;32m  OK  [0m] Created slice system-serial\x2dgetty.slice.

[   12.871123] systemd[1]: Starting Create list of required static device nodes for the current kernel...
         Starting Create list of required st... nodes for the current kernel...
[   12.881542] systemd[1]: Mounting Debug File System...
         Mounting Debug File System...
[   12.886955] systemd[1]: Starting Monitoring of LVM2 mirrors, snapshots etc. using dmeventd or progress polling...
         Starting Monitoring of LVM2 mirrors... dmeventd or progress polling...
[   12.892790] systemd[1]: Starting Journal Service...
         Starting Journal Service...
[   12.954920] systemd[1]: Starting Load Kernel Modules...
         Starting Load Kernel Modules...
[   12.986192] systemd[1]: Starting Set console keymap...
         Starting Set console keymap...
[   12.989705] systemd[1]: Mounting Huge Pages File System...
         Mounting Huge Pages File System...
[   13.002427] systemd[1]: Starting Nameserver information manager...
         Starting Nameserver information manager...
[   13.005419] systemd[1]: Mounting POSIX Message Queue File System...
         Mounting POSIX Message Queue File System...
[   13.009861] systemd[1]: Starting Uncomplicated firewall...
         Starting Uncomplicated firewall...
[   13.016903] systemd[1]: Listening on udev Control Socket.
[[0;32m  OK  [0m] Listening on udev Control Socket.
[   13.019314] systemd[1]: Reached target Swap.
[[0;32m  OK  [0m] Reached target Swap.
[   13.021624] systemd[1]: Starting Remount Root and Kernel File Systems...
         Starting Remount Root and Kernel File Systems...
[   13.026427] systemd[1]: Set up automount Arbitrary Executable File Formats File System Automount Point.
[[0;32m  OK  [0m] Set up automount Arbitrary Executab...ats File System Automount Point.
[   13.047880] EXT4-fs (sda1): re-mounted. Opts: (null)
[   13.108987] systemd[1]: Reached target Slices.
[[0;32m  OK  [0m] Reached target Slices.
[   13.133080] systemd[1]: Mounted Debug File System.
[[0;32m  OK  [0m] Mounted Debug File System.
[   13.136508] systemd[1]: Mounted Huge Pages File System.
[[0;32m  OK  [0m] Mounted Huge Pages File System.
[   13.138358] systemd[1]: Mounted POSIX Message Queue File System.
[[0;32m  OK  [0m] Mounted POSIX Message Queue File System.
[   13.144855] systemd[1]: Started Create list of required static device nodes for the current kernel.
[[0;32m  OK  [0m] Started Create list of required sta...ce nodes for the current kernel.
[   13.150844] systemd[1]: Started Uncomplicated firewall.
[[0;32m  OK  [0m] Started Uncomplicated firewall.
[   13.154346] systemd[1]: Started Remount Root and Kernel File Systems.
[[0;32m  OK  [0m] Started Remount Root and Kernel File Systems.
[   13.169460] Loading iSCSI transport class v2.0-870.
[   13.191082] systemd[1]: Starting Load/Save Random Seed...
         Starting Load/Save Random Seed...
[   13.266073] systemd[1]: Starting Initial cloud-init job (pre-networking)...
         Starting Initial cloud-init job (pre-networking)...
[   13.323136] systemd[1]: Starting udev Coldplug all Devices...
[   13.472901] iscsi: registered transport (tcp)
         Starting udev Coldplug all Devices...
[   13.485458] systemd[1]: Starting Create Static Device Nodes in /dev...
         Starting Create Static Device Nodes in /dev...
[   13.490220] systemd[1]: Started Journal Service.
[[0;32m  OK  [0m] Started Journal Service.
[[0;32m  OK  [0m] Started Set console keymap.
[[0;32m  OK  [0m] Started Nameserver information manager.
[[0;32m  OK  [0m] Started Load/[   13.609938] iscsi: registered transport (iser)
Save Random Seed.
[[0;32m  OK  [0m] Started Load Kernel Modules.
[[0;32m  OK  [0m] Started udev Coldplug all Devices.
[[0;32m  OK  [0m] Started LVM2 metadata daemon.
         Starting Apply Kernel Variables...
         Mounting FUSE Control File System...
         Starting Flush Journal to Persistent Storage...
[[0;32m  OK  [0m] Mounted FUSE Control File System.
[[0;32m  OK  [0m] Started Apply Kernel Variables.
[[0;32m  OK  [0m] Started Flush Journal to Persistent Storage.
[[0;32m  OK  [0m] Started Monitoring of LVM2 mirrors,...ng dmeventd or progress polling.
[[0;32m  OK  [0m] Started Create Static Device Nodes in /dev.
         Starting udev Kernel Device Manager...
[[0;32m  OK  [0m] Started udev Kernel Device Manager.
[[0;32m  OK  [0m] Reached target Local File Systems (Pre).
[[0;32m  OK  [0m] Reached target Local File Systems.
         Starting LSB: AppArmor initialization...
         Starting Commit a transient machine-id on disk...
         Starting Tell Plymouth To Write Out Runtime Data...
         Starting Set console font and keymap...
         Starting Create Volatile Files and Directories...
[[0;32m  OK  [0m] Started Dispatch Password Requests to Console Directory Watch.
[[0;32m  OK  [0m] Started Commit a transient machine-id on disk.
[[0;32m  OK  [0m] Started Tell Plymouth To Write Out Runtime Data.
[[0;32m  OK  [0m] Found device /dev/ttyS0.
[[0;32m  OK  [0m] Started Create Volatile Files and Directories.
[[0;32m  OK  [0m] Reached target System Time Synchronized.
         Starting Update UTMP about System Boot/Shutdown...
[[0;32m  OK  [0m] Started Update UTMP about System Boot/Shutdown.
[[0;32m  OK  [0m] Started Set console font and keymap.
[[0;32m  OK  [0m] Created slice system-getty.slice.
[[0;32m  OK  [0m] Listening on Load/Save RF Kill Switch Status /dev/rfkill Watch.
[[0;32m  OK  [0m] Started LSB: AppArmor initialization.
[   17.098025] cloud-init[410]: Cloud-init v. 0.7.9 running 'init-local' at Mon, 16 Oct 2017 11:31:10 +0000. Up 16.58 seconds.
[[0;32m  OK  [0m] Started Initial cloud-init job (pre-networking).
[[0;32m  OK  [0m] Reached target Network (Pre).
         Starting Raise network interfaces...
[[0;32m  OK  [0m] Started Raise network interfaces.
         Starting Initial cloud-init job (metadata service crawler)...
[[0;32m  OK  [0m] Reached target Network.
[   19.259532] cloud-init[941]: Cloud-init v. 0.7.9 running 'init' at Mon, 16 Oct 2017 11:31:11 +0000. Up 17.88 seconds.
[[0;32m  OK  [0m] Started Initial cloud-init job (metadata service crawler).
[[   19.342749] cloud-init[941]: ci-info: ++++++++++++++++++++++++++++++++++++++Net device info++++++++++++++++++++++++++++++++++++++
[   19.382593] cloud-init[941]: ci-info: +--------+-------+----------------------------+---------------+-------+-------------------+
[0;32m  OK  [0m] Reached target System Initialization.
[   19.383107] cloud-init[941]: ci-info: | Device |   Up  |          Address           |      Mask     | Scope |     Hw-Address    |
[   19.398458] cloud-init[941]: ci-info: +--------+-------+----------------------------+---------------+-------+-------------------+
[   19.398754] cloud-init[941]: ci-info: |   lo   |  True |         127.0.0.1          |   255.0.0.0   |   .   |         .         |
[   19.398898] cloud-init[941]: ci-info: |   lo   |  True |          ::1/128           |       .       |  host |         .         |
[   19.399039] cloud-init[941]: ci-info: | enp0s3 |  True |         10.0.2.15          | 255.255.255.0 |   .   | 02:14:68:3e:84:47 |
[   19.399183] cloud-init[941]: ci-info: | enp0s3 |  True | fe80::14:68ff:fe3e:8447/64 |       .       |  link | 02:14:68:3e:84:47 |
[   19.399329] cloud-init[941]: ci-info: | enp0s8 | False |             .              |       .       |   .   | 08:00:27:66:63:e6 |
[   19.399482] cloud-init[941]: ci-info: +--------+-------+----------------------------+---------------+-------+-------------------+
[   19.399619] cloud-init[941]: ci-info: +++++++++++++++++++++++++++Route IPv4 info++++++++++++++++++++++++++++
[   19.399764] cloud-init[941]: ci-info: +-------+-------------+----------+---------------+-----------+-------+
[   19.399909] cloud-init[941]: ci-info: | Route | Destination | Gateway  |    Genmask    | Interface | Flags |
[   19.400100] cloud-init[941]: ci-info: +-------+-------------+----------+---------------+-----------+-------+
[[0;32m  OK  [0m] Started Timer to automatically refresh installed snaps.
[   19.400225] cloud-init[941]: ci-info: |   0   |   0.0.0.0   | 10.0.2.2 |    0.0.0.0    |   enp0s3  |   UG  |
[   19.505984] cloud-init[941]: ci-info: |   1   |   10.0.2.0  | 0.0.0.0  | 255.255.255.0 |   enp0s3  |   U   |
[[0;32m  OK  [0m] Listening on UUID daemon activation socket.
[   19.506143] cloud-init[941]: ci-info: +-------+-------------+----------+---------------+-----------+-------+
[   19.554592] cloud-init[941]: Generating public/private rsa key pair.
[   19.554667] cloud-init[941]: Your identification has been saved in /etc/ssh/ssh_host_rsa_key.
[   19.554803] cloud-init[941]: Your public key has been saved in /etc/ssh/ssh_host_rsa_key.pub.
[   19.554945] cloud-init[941]: The key fingerprint is:
[   19.555086] cloud-init[941]: SHA256:Faon+2T1SjYmzePYOYcLQDSNg4BZuIrBgPw6c44hWqg root@ubuntu-xenial
[   19.555230] cloud-init[941]: The key's randomart image is:
[   19.555371] cloud-init[941]: +---[RSA 2048]----+
[   19.555513] cloud-init[941]: |o=o. .oo  .      |
[   19.555655] cloud-init[941]: |*.  ..o... .     |
[   19.555804] cloud-init[941]: |o..   ... .      |
[   19.555942] cloud-init[941]: |o. . . . .       |
[   19.556250] cloud-init[941]: |oo.   + S .      |
[   19.556387] cloud-init[941]: |==..   = + .     |
[   19.556527] cloud-init[941]: |+.B   . = O..    |
[   19.556668] cloud-init[941]: |E. .   + Xo=.    |
[   19.556810] cloud-init[941]: |        o *+     |
[   19.556952] cloud-init[941]: +----[SHA256]-----+
[   19.557093] cloud-init[941]: Generating public/private dsa key pair.
[   19.557237] cloud-init[941]: Your identification has been saved in /etc/ssh/ssh_host_dsa_key.
[   19.557378] cloud-init[941]: Your public key has been saved in /etc/ssh/ssh_host_dsa_key.pub.
[   19.557521] cloud-init[941]: The key fingerprint is:
[   19.557668] cloud-init[941]: SHA256:ZqW9NmWAOWpXJvtADk/tUPn+FeRvnvuP9/tAXKqB41w root@ubuntu-xenial
[   19.557809] cloud-init[941]: The key's randomart image is:
[   19.557947] cloud-init[941]: +---[DSA 1024]----+
[   19.558090] cloud-init[941]: |          ..     |
[   19.558233] cloud-init[941]: |         =.    . |
[   19.558374] cloud-init[941]: |      . O *.  o .|
[   19.558517] cloud-init[941]: |       B % o.. = |
[   19.558660] cloud-init[941]: |      o S =.E + o|
[   19.558805] cloud-init[941]: |     . + = *.+  +|
[   19.558946] cloud-init[941]: |          B ...+.|
[   19.559086] cloud-init[941]: |         . .  .+o|
[   19.559230] cloud-init[941]: |              .+%|
[   19.559373] cloud-init[941]: +----[SHA256]-----+
[   19.559515] cloud-init[941]: Generating public/private ecdsa key pair.
[   19.559658] cloud-init[941]: Your identification has been saved in /etc/ssh/ssh_host_ecdsa_key.
[   19.559803] cloud-init[941]: Your public key has been saved in /etc/ssh/ssh_host_ecdsa_key.pub.
[   19.559943] cloud-init[941]: The key fingerprint is:
[   19.560245] cloud-init[941]: SHA256:b6QD7oCrHcH/MRHlCKMH74vpyW4fXejVa2tOlJs+QYM root@ubuntu-xenial
[   19.560381] cloud-init[941]: The key's randomart image is:
[   19.560526] cloud-init[941]: +---[ECDSA 256]---+
[   19.560667] cloud-init[941]: |  . o   .        |
[   19.560807] cloud-init[941]: |   + o +         |
[   19.560952] cloud-init[941]: |  . o o ..       |
[   19.561093] cloud-init[941]: | . o   oE.o.     |
[   19.561236] cloud-init[941]: |  o . + S.=.     |
[   19.561380] cloud-init[941]: |   * = = =.+     |
[   19.561521] cloud-init[941]: |  = = * o O.     |
[   19.561664] cloud-init[941]: | +.+ = o *o.     |
[   19.561808] cloud-init[941]: |.+B.. o  o+.     |
[   19.561949] cloud-init[941]: +----[SHA256]-----+
[   19.562093] cloud-init[941]: Generating public/private ed25519 key pair.
[   19.562238] cloud-init[941]: Your identification has been saved in /etc/ssh/ssh_host_ed25519_key.
[   19.562377] cloud-init[941]: Your public key has been saved in /etc/ssh/ssh_host_ed25519_key.pub.
[   19.562521] cloud-init[941]: The key fingerprint is:
[   19.562660] cloud-init[941]: SHA256:9YFBF6/TC1SDTk5v8Qjt454HdgowpUZcdlv5vPHgWDY root@ubuntu-xenial
[   19.562807] cloud-init[941]: The key's randomart image is:
[   19.562948] cloud-init[941]: +--[ED25519 256]--+
[   19.563092] cloud-init[941]: |         oo.=++ o|
[   19.563234] cloud-init[941]: |          o=*+o= |
[   19.563376] cloud-init[941]: |         .oBo+o=.|
[   19.563520] cloud-init[941]: |         .=oo+E.+|
[   19.563663] cloud-init[941]: |        S. o=B.++|
[   19.563805] cloud-init[941]: |            oo=oo|
[   19.563952] cloud-init[941]: |             +.= |
[   19.564249] cloud-init[941]: |              + .|
[   19.564593] cloud-init[941]: |               . |
[   19.564679] cloud-init[941]: +----[SHA256]-----+
[[0;32m  OK  [0m] Listening on D-Bus System Message Bus Socket.
[[0;32m  OK  [0m] Started Daily Cleanup of Temporary Directories.
         Starting Socket activation for snappy daemon.
[[0;32m  OK  [0m] Started ACPI Events Check.
[[0;32m  OK  [0m] Reached target Paths.
         Starting LXD - unix socket.
[[0;32m  OK  [0m] Listening on ACPID Listen Socket.
[[0;32m  OK  [0m] Started Timer to automatically fetch and run repair assertions.
[[0;32m  OK  [0m] Reached target Cloud-config availability.
[[0;32m  OK  [0m] Reached target Network is Online.
[[0;32m  OK  [0m] Started Daily apt download activities.
[[0;32m  OK  [0m] Started Daily apt upgrade and clean activities.
[[0;32m  OK  [0m] Reached target Timers.
         Starting iSCSI initiator daemon (iscsid)...
[[0;32m  OK  [0m] Listening on Socket activation for snappy daemon.
[[0;32m  OK  [0m] Listening on LXD - unix socket.
[[0;32m  OK  [0m] Reached target Sockets.
[[0;32m  OK  [0m] Reached target Basic System.
         Starting LSB: MD monitoring daemon...
         Starting System Logging Service...
         Starting Pollinate to seed the pseudo random number generator...
[[0;32m  OK  [0m] Started Deferred execution scheduler.
         Starting Accounts Service...
[[0;32m  OK  [0m] Started FUSE filesystem for LXC.
         Starting Login Service...
[[0;32m  OK  [0m] Started ACPI event daemon.
         Starting Apply the settings specified in cloud-config...
         Starting /etc/rc.local Compatibility...
[[0;32m  OK  [0m] Started Regular background program processing daemon.
[[0;32m  OK  [0m] Started D-Bus System Message Bus.
         Starting LSB: Record successful boot for GRUB...
[[0;32m  OK  [0m] Started Unattended Upgrades Shutdown.
         Starting LXD - container startup/shutdown...
[   21.263143] cloud-init[1060]: Generating locales (this might take a while)...
         Starting Snappy daemon...
[[0;32m  OK  [0m] Started System Logging Service.
[[0;32m  OK  [0m] Started /etc/rc.local Compatibility.
[[0;32m  OK  [0m] Started Login Service.
         Starting Authenticate and Authorize Users to Run Privileged Tasks...
[[0;32m  OK  [0m] Started LSB: MD monitoring daemon.
[[0;32m  OK  [0m] Started iSCSI initiator daemon (iscsid).
         Starting Login to default iSCSI targets...
[[0;32m  OK  [0m] Started LSB: Record successful boot for GRUB.
[[0;32m  OK  [0m] Started Authenticate and Authorize Users to Run Privileged Tasks.
[[0;32m  OK  [0m] Started Accounts Service.
[[0;32m  OK  [0m] Started Login to default iSCSI targets.
[[0;32m  OK  [0m] Reached target Remote File Systems (Pre).
[[0;32m  OK  [0m] Reached target Remote File Systems.
         Starting LSB: Set the CPU Frequency Scaling governor to "ondemand"...
         Starting LSB: daemon to balance interrupts for SMP systems...
         Starting Permit User Sessions...
         Starting LSB: automatic crash report generation...
         Starting LSB: VirtualBox Linux Additions...
[[0;32m  OK  [0m] Started LSB: Set the CPU Frequency Scaling governor to "ondemand".
[[0;32m  OK  [0m] Started Permit User Sessions.
         Starting Terminate Plymouth Boot Screen...
         Starting Hold until boot process finishes up...
[[0;32m  OK  [0m] Started Terminate Plymouth Boot Screen.
[[0;32m  OK  [0m] Started Hold until boot process finishes up.
         Starting Set console scheme...
[[0;32m  OK  [0m] Started Serial Getty on ttyS0.
[[0;32m  OK  [0m] Started Getty on tty1.
[[0;32m  OK  [0m] Reached target Login Prompts.
[[0;32m  OK  [0m] Started LSB: daemon to balance interrupts for SMP systems.
[[0;32m  OK  [0m] Started Set console scheme.
[[0;32m  OK  [0m] Started LSB: automatic crash report generation.
[   23.278616] cloud-init[1060]:   en_US.UTF-8... done
[   23.283210] cloud-init[1060]: Generation complete.
[[0;32m  OK  [0m] Started LSB: VirtualBox Linux Additions.
[[0;32m  OK  [0m] Started Pollinate to seed the pseudo random number generator.
         Starting OpenBSD Secure Shell server...
[[0;32m  OK  [0m] Started LXD - container startup/shutdown.
[[0;32m  OK  [0m] Started Snappy daemon.
         Starting Auto import assertions from block devices...
[[0;32m  OK  [0m] Started OpenBSD Secure Shell server.
[[0;32m  OK  [0m] Started Auto import assertions from block devices.
[[0;32m  OK  [0m] Reached target Multi-User System.
[[0;32m  OK  [0m] Reached target Graphical Interface.
         Starting Update UTMP about System Runlevel Changes...
[[0;32m  OK  [0m] Started Update UTMP about System Runlevel Changes.
         Stopping OpenBSD Secure Shell server...
[[0;32m  OK  [0m] Stopped OpenBSD Secure Shell server.
         Starting OpenBSD Secure Shell server...
[[0;32m  OK  [0m] Started OpenBSD Secure Shell server.
[[0;32m  OK  [0m] Created slice User Slice of ubuntu.
         Starting User Manager for UID 1000...
[[0;32m  OK  [0m] Started Session 1 of user ubuntu.
[[0;32m  OK  [0m] Started User Manager for UID 1000.
[   25.864577] cloud-init[1060]: Cloud-init v. 0.7.9 running 'modules:config' at Mon, 16 Oct 2017 11:31:14 +0000. Up 20.82 seconds.
[[0;32m  OK  [0m] Started Apply the settings specified in cloud-config.
         Starting Execute cloud user/final scripts...
ci-info: no authorized ssh keys fingerprints found for user ubuntu.
<14>Oct 16 11:31:20 ec2: 
<14>Oct 16 11:31:20 ec2: #############################################################
<14>Oct 16 11:31:20 ec2: -----BEGIN SSH HOST KEY FINGERPRINTS-----
<14>Oct 16 11:31:20 ec2: 1024 SHA256:ZqW9NmWAOWpXJvtADk/tUPn+FeRvnvuP9/tAXKqB41w root@ubuntu-xenial (DSA)
<14>Oct 16 11:31:20 ec2: 256 SHA256:b6QD7oCrHcH/MRHlCKMH74vpyW4fXejVa2tOlJs+QYM root@ubuntu-xenial (ECDSA)
<14>Oct 16 11:31:20 ec2: 256 SHA256:9YFBF6/TC1SDTk5v8Qjt454HdgowpUZcdlv5vPHgWDY root@ubuntu-xenial (ED25519)
<14>Oct 16 11:31:20 ec2: 2048 SHA256:Faon+2T1SjYmzePYOYcLQDSNg4BZuIrBgPw6c44hWqg root@ubuntu-xenial (RSA)
<14>Oct 16 11:31:20 ec2: -----END SSH HOST KEY FINGERPRINTS-----
<14>Oct 16 11:31:20 ec2: #############################################################
-----BEGIN SSH HOST KEY KEYS-----
ecdsa-sha2-nistp256 AAAAE2VjZHNhLXNoYTItbmlzdHAyNTYAAAAIbmlzdHAyNTYAAABBBLXlZkXJS5jKYWf29pWI1Z3oORCIU5pwYzWjvQpVT35ezr8l3rfsDbbvDWQWrxQqKETCniyFl71cGEZtCZj5Wew= root@ubuntu-xenial
ssh-ed25519 AAAAC3NzaC1lZDI1NTE5AAAAIEn2D5f+Huc9kACa9ZwvRFYsTQ3wQoS1vN2XLmmSqDVG root@ubuntu-xenial
ssh-rsa AAAAB3NzaC1yc2EAAAADAQABAAABAQDWqbUhNcyUNDuzi9evgHHacG41agKRbhKcepfF66/zDnsQa/i0CRZil/F7Efq7cBVX97RQDWd+g+fpnyzQxB2rXU9JKJurdwpDlpuKfdnjghFFXO/iPLedJkd3ANFdwCIRn00CjBjtTgn0JHItHzqjzfqrMadbu+1pRx+AFk++5t+b99eK5wuMExZ4Ej3vlPBe6oMNuWuQu/VNRPRv+CVNLvNFyS4XVX0TaPdHZ3gor30bCDC4tl1evWa8far73YM3jSWw5jLoKEwo3Kff1qLM+lrcFKW2A7LFaYePr97Uchw9h5Q/J8Cwoy0n3pR7ob5OMojVfkoFTzr4EJBCxNPP root@ubuntu-xenial
-----END SSH HOST KEY KEYS-----
[   26.658076] cloud-init[1327]: Cloud-init v. 0.7.9 running 'modules:final' at Mon, 16 Oct 2017 11:31:20 +0000. Up 26.16 seconds.
[   26.754176] cloud-init[1327]: ci-info: no authorized ssh keys fingerprints found for user ubuntu.
[   26.789130] [cloud-init[0;32m  OK  [0m[1327]: ] Cloud-init v. 0.7.9 finished at Mon, 16 Oct 2017 11:31:20 +0000. Datasource DataSourceNoCloud [seed=/dev/sdb][dsmode=net].  Up 26.65 secondsStarted Execute cloud user/final scripts.

[[0;32m  OK  [0m] Reached target Cloud-init target.

Ubuntu 16.04.3 LTS ubuntu-xenial ttyS0

ubuntu-xenial login:          Stopping Session 6 of user ubuntu.
[[0;32m  OK  [0m] Stopped target Cloud-init target.
[[0;32m  OK  [0m] Stopped target Graphical Interface.
         Stopping Authenticate and Authorize Users to Run Privileged Tasks...
         Stopping ACPI event daemon...
[[0;32m  OK  [0m] Stopped target Timers.
[[0;32m  OK  [0m] Stopped Timer to automatically fetch and run repair assertions.
[[0;32m  OK  [0m] Stopped Daily apt upgrade and clean activities.
[[0;32m  OK           Stopping Unattended Upgrades Shutdown...
         Stopping LSB: Set the CPU Frequency Scaling governor to "ondemand"...
         Stopping OpenBSD Secure Shell server...
         Stopping LXD - container startup/shutdown...
         Stopping LSB: VirtualBox Linux Additions...
[[0;32m  OK  [0m] Stopped Daily Cleanup of Temporary Directories.
         Stopping User Manager for UID 1000...
         Stopping Snappy daemon...
         Stopping LSB: automatic crash report generation...
         Stopping Getty on tty1...
         Stopping Accounts Service...
[[0;32m  OK  [0m] Closed Load/Save RF Kill Switch Status /dev/rfkill Watch.
[[0;32m  OK  [0m] Unmounted /var/lib/lxcfs.
[[0;32m  OK  [0m] Stopped System Logging Service.
[[0;32m  OK  [0m] Stopped Deferred execution scheduler.
[[0;32m  OK  [0m] Stopped Accounts Service.
[[0;32m  OK  [0m] Stopped ACPI event daemon.
[[0;32m  OK  [0m] Stopped Regular background program processing daemon.
[[0;32m  OK  [0m] Stopped Snappy daemon.
[[0;32m  OK  [0m] Stopped Authenticate and Authorize Users to Run Privileged Tasks.
[[0;32m  OK  [0m] Stopped Serial Getty on ttyS0.
[[0;32m  OK  [0m] Stopped Getty on tty1.
[[0;32m  OK  [0m] Stopped OpenBSD Secure Shell server.
[[0;32m  OK  [0m] Stopped User Manager for UID 1000.
[[0;32m  OK  [0m] Stopped Session 6 of user ubuntu.
[[0;32m  OK  [0m] Stopped D-Bus System Message Bus.
[[0;32m  OK  [0m] Stopped Unattended Upgrades Shutdown.
[[0;32m  OK  [0m] Stopped FUSE filesystem for LXC.
[[0;32m  OK  [0m] Stopped LXD - container startup/shutdown.
[[0;32m  OK  [0m] Stopped LSB: Set the CPU Frequency Scaling governor to "ondemand".
[[0;32m  OK  [0m] Stopped LSB: daemon to balance interrupts for SMP systems.
[[0;32m  OK  [0m] Stopped LSB: MD monitoring daemon.
[[0;32m  OK  [0m] Stopped LSB: Record successful boot for GRUB.
[[0;32m  OK  [0m] Stopped LSB: automatic crash report generation.
[[0;32m  OK  [0m] Stopped LSB: VirtualBox Linux Additions.
[[0;32m  OK  [0m] Removed slice User Slice of ubuntu.
         Stopping Login Service...
[[0;32m  OK  [0m] Removed slice system-getty.slice.
[[0;32m  OK  [0m] Removed slice system-serial\x2dgetty.slice.
         Stopping Permit User Sessions...
[[0;32m  OK  [0m] Stopped /etc/rc.local Compatibility.
[[0;32m  OK  [0m] Stopped Login Service.
[[0;32m  OK  [0m] Stopped Permit User Sessions.
[[0;32m  OK  [0m] Stopped target Remote File Systems.
[[0;32m  OK  [0m] Stopped target Remote File Systems (Pre).
         Stopping Login to default iSCSI targets...
[[0;32m  OK  [0m] Stopped target Basic System.
[[0;32m  OK  [0m] Stopped target Slices.
[[0;32m  OK  [0m] Removed slice User and Session Slice.
[[0;32m  OK  [0m] Stopped target Sockets.
[[0;32m  OK  [0m] Closed UUID daemon activation socket.
[[0;32m  OK  [0m] Closed ACPID Listen Socket.
[[0;32m  OK  [0m] Closed Syslog Socket.
[[0;32m  OK  [0m] Closed D-Bus System Message Bus Socket.
[[0;32m  OK  [0m] Closed LXD - unix socket.
[[0;32m  OK  [0m] Closed Socket activation for snappy daemon.
[[0;32m  OK  [0m] Stopped target Paths.
[[0;32m  OK  [0m] Stopped Dispatch Password Requests to Console Directory Watch.
[[0;32m  OK  [0m] Stopped ACPI Events Check.
[[0;32m  OK  [0m] Stopped Forward Password Requests to Wall Directory Watch.
[[0;32m  OK  [0m] Stopped target System Initialization.
         Stopping Update UTMP about System Boot/Shutdown...
[[0;32m  OK  [0m] Stopped target Encrypted Volumes.
         Stopping Load/Save Random Seed...
[[0;32m  OK  [0m] Stopped target Swap.
[[0;32m  OK  [0m] Stopped Commit a transient machine-id on disk.
[[0;32m  OK  [0m] Stopped target User and Group Name Lookups.
[[0;32m  OK  [0m] Stopped Update UTMP about System Boot/Shutdown.
[[0;32m  OK  [0m] Stopped Create Volatile Files and Directories.
[[0;32m  OK  [0m] Stopped Load/Save Random Seed.
[[0;32m  OK  [0m] Stopped Login to default iSCSI targets.
         Stopping iSCSI initiator daemon (iscsid)...
[[0;32m  OK  [0m] Stopped iSCSI initiator daemon (iscsid).
[[0;32m  OK  [0m] Stopped target Network is Online.
[[0;32m  OK  [0m] Stopped Initial cloud-init job (metadata service crawler).
[[0;32m  OK  [0m] Stopped target Network.
         Stopping Raise network interfaces...
[[0;32m  OK  [0m] Stopped Raise network interfaces.
[[0;32m  OK  [0m] Stopped target Local File Systems.
         Unmounting /vagrant...
         Unmounting /run/user/1000...
[[0;32m  OK  [0m] Stopped Apply Kernel Variables.
[[0;32m  OK  [0m] Stopped Load Kernel Modules.
[[0;32m  OK  [0m] Stopped target Network (Pre).
[[0;32m  OK  [0m] Stopped Initial cloud-init job (pre-networking).
[[0;32m  OK  [0m] Unmounted /run/user/1000.
[[0;32m  OK  [0m] Unmounted /vagrant.
[[0;32m  OK  [0m] Reached target Unmount All Filesystems.
[[0;32m  OK  [0m] Stopped target Local File Systems (Pre).
[[0;32m  OK  [0m] Stopped Create Static Device Nodes in /dev.
         Stopping Monitoring of LVM2 mirrors... dmeventd or progress polling...
[[0;32m  OK  [0m] Stopped Remount Root and Kernel File Systems.
[[0;32m  OK  [0m] Reached target Shutdown.
[ 5475.639139] rebo: wedon
